{"__type":"$$EventMessageAudit","id":"78004394-81d2-4f98-b672-7ba63e18217c","ts":"2026-06-25T19:15:58.912-04:00","eventName":"n8n.audit.workflow.activated","message":"n8n.audit.workflow.activated","payload":{"workflowId":"jarvis-matrix-001","workflowName":"Jarvis Sovereign Production Ingestion Matrix","activeVersionId":"b3b3bccc-dd43-4d1e-8f13-8118e9974db2","activationMode":"init"}}
{"__type":"$$EventMessageConfirm","confirm":"78004394-81d2-4f98-b672-7ba63e18217c","ts":"2026-06-25T19:15:58.913-04:00","source":{"id":"0","name":"eventBus"}}
{"__type":"$$EventMessageWorkflow","id":"6d7902ae-d488-466e-b107-92c50a204c7c","ts":"2026-06-25T20:15:59.136-04:00","eventName":"n8n.workflow.started","message":"n8n.workflow.started","payload":{"executionId":"94","workflowId":"jarvis-matrix-001","isManual":false,"mode":"trigger","workflowName":"Jarvis Sovereign Production Ingestion Matrix"}}
{"__type":"$$EventMessageConfirm","confirm":"6d7902ae-d488-466e-b107-92c50a204c7c","ts":"2026-06-25T20:15:59.137-04:00","source":{"id":"0","name":"eventBus"}}
{"__type":"$$EventMessageAudit","id":"3ebce84f-2b00-4fa8-8cad-6e6110a7b209","ts":"2026-06-25T20:15:59.137-04:00","eventName":"n8n.audit.workflow.executed","message":"n8n.audit.workflow.executed","payload":{"workflowId":"jarvis-matrix-001","workflowName":"Jarvis Sovereign Production Ingestion Matrix","executionId":"94","source":"trigger"}}
{"__type":"$$EventMessageConfirm","confirm":"3ebce84f-2b00-4fa8-8cad-6e6110a7b209","ts":"2026-06-25T20:15:59.137-04:00","source":{"id":"0","name":"eventBus"}}
{"__type":"$$EventMessageNode","id":"67285d4c-9d2a-4aa5-80b1-5cbc90cc40f5","ts":"2026-06-25T20:15:59.138-04:00","eventName":"n8n.node.started","message":"n8n.node.started","payload":{"workflowId":"jarvis-matrix-001","workflowName":"Jarvis Sovereign Production Ingestion Matrix","executionId":"94","nodeType":"n8n-nodes-base.interval","nodeName":"Interval","nodeId":"interval-trigger"}}
{"__type":"$$EventMessageConfirm","confirm":"67285d4c-9d2a-4aa5-80b1-5cbc90cc40f5","ts":"2026-06-25T20:15:59.138-04:00","source":{"id":"0","name":"eventBus"}}
{"__type":"$$EventMessageNode","id":"72d1d3fd-2a9d-4b77-bbe7-fbc9a0f040a6","ts":"2026-06-25T20:15:59.140-04:00","eventName":"n8n.node.finished","message":"n8n.node.finished","payload":{"workflowId":"jarvis-matrix-001","workflowName":"Jarvis Sovereign Production Ingestion Matrix","executionId":"94","nodeType":"n8n-nodes-base.interval","nodeName":"Interval","nodeId":"interval-trigger"}}
{"__type":"$$EventMessageConfirm","confirm":"72d1d3fd-2a9d-4b77-bbe7-fbc9a0f040a6","ts":"2026-06-25T20:15:59.140-04:00","source":{"id":"0","name":"eventBus"}}
{"__type":"$$EventMessageNode","id":"143127ec-4caf-4212-b69c-821a6c37e4ea","ts":"2026-06-25T20:15:59.140-04:00","eventName":"n8n.node.started","message":"n8n.node.started","payload":{"workflowId":"jarvis-matrix-001","workflowName":"Jarvis Sovereign Production Ingestion Matrix","executionId":"94","nodeType":"n8n-nodes-base.postgres","nodeName":"PostgreSQL Logger","nodeId":"postgres-logger"}}
{"__type":"$$EventMessageConfirm","confirm":"143127ec-4caf-4212-b69c-821a6c37e4ea","ts":"2026-06-25T20:15:59.140-04:00","source":{"id":"0","name":"eventBus"}}
{"__type":"$$EventMessageNode","id":"443b4f3b-b991-42ee-9dfc-09af6482bada","ts":"2026-06-25T20:15:59.306-04:00","eventName":"n8n.node.finished","message":"n8n.node.finished","payload":{"workflowId":"jarvis-matrix-001","workflowName":"Jarvis Sovereign Production Ingestion Matrix","executionId":"94","nodeType":"n8n-nodes-base.postgres","nodeName":"PostgreSQL Logger","nodeId":"postgres-logger"}}
{"__type":"$$EventMessageConfirm","confirm":"443b4f3b-b991-42ee-9dfc-09af6482bada","ts":"2026-06-25T20:15:59.306-04:00","source":{"id":"0","name":"eventBus"}}
{"__type":"$$EventMessageNode","id":"ebb20e0e-64d2-4a7e-be38-c722a5eb2c8a","ts":"2026-06-25T20:15:59.306-04:00","eventName":"n8n.node.started","message":"n8n.node.started","payload":{"workflowId":"jarvis-matrix-001","workflowName":"Jarvis Sovereign Production Ingestion Matrix","executionId":"94","nodeType":"n8n-nodes-base.respondToWebhook","nodeName":"Respond to Webhook","nodeId":"respond-webhook"}}
{"__type":"$$EventMessageConfirm","confirm":"ebb20e0e-64d2-4a7e-be38-c722a5eb2c8a","ts":"2026-06-25T20:15:59.307-04:00","source":{"id":"0","name":"eventBus"}}
{"__type":"$$EventMessageNode","id":"a3ae4e58-a023-4ce1-9c43-ef25e256c5e7","ts":"2026-06-25T20:15:59.308-04:00","eventName":"n8n.node.finished","message":"n8n.node.finished","payload":{"workflowId":"jarvis-matrix-001","workflowName":"Jarvis Sovereign Production Ingestion Matrix","executionId":"94","nodeType":"n8n-nodes-base.respondToWebhook","nodeName":"Respond to Webhook","nodeId":"respond-webhook"}}
{"__type":"$$EventMessageConfirm","confirm":"a3ae4e58-a023-4ce1-9c43-ef25e256c5e7","ts":"2026-06-25T20:15:59.308-04:00","source":{"id":"0","name":"eventBus"}}
{"__type":"$$EventMessageWorkflow","id":"f5c617e6-3c7c-4899-92c5-8ea6c5980fee","ts":"2026-06-25T20:15:59.309-04:00","eventName":"n8n.workflow.success","message":"n8n.workflow.success","payload":{"executionId":"94","success":true,"isManual":false,"mode":"trigger","workflowId":"jarvis-matrix-001","workflowName":"Jarvis Sovereign Production Ingestion Matrix"}}
{"__type":"$$EventMessageConfirm","confirm":"f5c617e6-3c7c-4899-92c5-8ea6c5980fee","ts":"2026-06-25T20:15:59.309-04:00","source":{"id":"0","name":"eventBus"}}
{"__type":"$$EventMessageWorkflow","id":"a1feb4bd-86e1-42ff-8f1a-f82bafdc2c9d","ts":"2026-06-25T21:15:58.893-04:00","eventName":"n8n.workflow.started","message":"n8n.workflow.started","payload":{"executionId":"95","workflowId":"jarvis-matrix-001","isManual":false,"mode":"trigger","workflowName":"Jarvis Sovereign Production Ingestion Matrix"}}
{"__type":"$$EventMessageConfirm","confirm":"a1feb4bd-86e1-42ff-8f1a-f82bafdc2c9d","ts":"2026-06-25T21:15:58.893-04:00","source":{"id":"0","name":"eventBus"}}
{"__type":"$$EventMessageAudit","id":"e0a7fe99-b77a-4405-8b3b-705a9f7bd1ec","ts":"2026-06-25T21:15:58.894-04:00","eventName":"n8n.audit.workflow.executed","message":"n8n.audit.workflow.executed","payload":{"workflowId":"jarvis-matrix-001","workflowName":"Jarvis Sovereign Production Ingestion Matrix","executionId":"95","source":"trigger"}}
{"__type":"$$EventMessageConfirm","confirm":"e0a7fe99-b77a-4405-8b3b-705a9f7bd1ec","ts":"2026-06-25T21:15:58.894-04:00","source":{"id":"0","name":"eventBus"}}
{"__type":"$$EventMessageNode","id":"22245a91-dd52-4bd9-827c-8d9ea0d2b71c","ts":"2026-06-25T21:15:58.894-04:00","eventName":"n8n.node.started","message":"n8n.node.started","payload":{"workflowId":"jarvis-matrix-001","workflowName":"Jarvis Sovereign Production Ingestion Matrix","executionId":"95","nodeType":"n8n-nodes-base.interval","nodeName":"Interval","nodeId":"interval-trigger"}}
{"__type":"$$EventMessageConfirm","confirm":"22245a91-dd52-4bd9-827c-8d9ea0d2b71c","ts":"2026-06-25T21:15:58.894-04:00","source":{"id":"0","name":"eventBus"}}
{"__type":"$$EventMessageNode","id":"532383c0-d4fa-4529-bea9-b0e036fee5d5","ts":"2026-06-25T21:15:58.894-04:00","eventName":"n8n.node.finished","message":"n8n.node.finished","payload":{"workflowId":"jarvis-matrix-001","workflowName":"Jarvis Sovereign Production Ingestion Matrix","executionId":"95","nodeType":"n8n-nodes-base.interval","nodeName":"Interval","nodeId":"interval-trigger"}}
{"__type":"$$EventMessageConfirm","confirm":"532383c0-d4fa-4529-bea9-b0e036fee5d5","ts":"2026-06-25T21:15:58.894-04:00","source":{"id":"0","name":"eventBus"}}
{"__type":"$$EventMessageNode","id":"ed5978ad-6cfd-4558-bd8b-59e9935f58fa","ts":"2026-06-25T21:15:58.894-04:00","eventName":"n8n.node.started","message":"n8n.node.started","payload":{"workflowId":"jarvis-matrix-001","workflowName":"Jarvis Sovereign Production Ingestion Matrix","executionId":"95","nodeType":"n8n-nodes-base.postgres","nodeName":"PostgreSQL Logger","nodeId":"postgres-logger"}}
{"__type":"$$EventMessageConfirm","confirm":"ed5978ad-6cfd-4558-bd8b-59e9935f58fa","ts":"2026-06-25T21:15:58.894-04:00","source":{"id":"0","name":"eventBus"}}
{"__type":"$$EventMessageNode","id":"26b2226e-be26-4b02-8646-959b41c4ad78","ts":"2026-06-25T21:15:58.920-04:00","eventName":"n8n.node.finished","message":"n8n.node.finished","payload":{"workflowId":"jarvis-matrix-001","workflowName":"Jarvis Sovereign Production Ingestion Matrix","executionId":"95","nodeType":"n8n-nodes-base.postgres","nodeName":"PostgreSQL Logger","nodeId":"postgres-logger"}}
{"__type":"$$EventMessageConfirm","confirm":"26b2226e-be26-4b02-8646-959b41c4ad78","ts":"2026-06-25T21:15:58.921-04:00","source":{"id":"0","name":"eventBus"}}
{"__type":"$$EventMessageNode","id":"fdcb6e75-c38b-4249-bb6a-8ab0659ff9d7","ts":"2026-06-25T21:15:58.921-04:00","eventName":"n8n.node.started","message":"n8n.node.started","payload":{"workflowId":"jarvis-matrix-001","workflowName":"Jarvis Sovereign Production Ingestion Matrix","executionId":"95","nodeType":"n8n-nodes-base.respondToWebhook","nodeName":"Respond to Webhook","nodeId":"respond-webhook"}}
{"__type":"$$EventMessageConfirm","confirm":"fdcb6e75-c38b-4249-bb6a-8ab0659ff9d7","ts":"2026-06-25T21:15:58.921-04:00","source":{"id":"0","name":"eventBus"}}
{"__type":"$$EventMessageNode","id":"758ebde3-eb67-4dab-befe-391ead5fad45","ts":"2026-06-25T21:15:58.923-04:00","eventName":"n8n.node.finished","message":"n8n.node.finished","payload":{"workflowId":"jarvis-matrix-001","workflowName":"Jarvis Sovereign Production Ingestion Matrix","executionId":"95","nodeType":"n8n-nodes-base.respondToWebhook","nodeName":"Respond to Webhook","nodeId":"respond-webhook"}}
{"__type":"$$EventMessageConfirm","confirm":"758ebde3-eb67-4dab-befe-391ead5fad45","ts":"2026-06-25T21:15:58.923-04:00","source":{"id":"0","name":"eventBus"}}
{"__type":"$$EventMessageWorkflow","id":"ecb02088-e2cc-41d9-8eea-7345fcf375a6","ts":"2026-06-25T21:15:58.923-04:00","eventName":"n8n.workflow.success","message":"n8n.workflow.success","payload":{"executionId":"95","success":true,"isManual":false,"mode":"trigger","workflowId":"jarvis-matrix-001","workflowName":"Jarvis Sovereign Production Ingestion Matrix"}}
{"__type":"$$EventMessageConfirm","confirm":"ecb02088-e2cc-41d9-8eea-7345fcf375a6","ts":"2026-06-25T21:15:58.923-04:00","source":{"id":"0","name":"eventBus"}}
{"__type":"$$EventMessageAudit","id":"bafe5d79-d5ba-469e-9731-2bb933143169","ts":"2026-06-25T21:40:53.191-04:00","eventName":"n8n.audit.workflow.deactivated","message":"n8n.audit.workflow.deactivated","payload":{"userId":"448d1c78-14c9-4b21-8889-88406fc00742","_email":"ryan_montes@proton.me","_firstName":"RYAN","_lastName":"ryan_montes@proton.me","globalRole":"global:owner","workflowId":"jarvis-matrix-001","workflowName":"Jarvis Sovereign Production Ingestion Matrix","deactivatedVersionId":"b3b3bccc-dd43-4d1e-8f13-8118e9974db2"}}
{"__type":"$$EventMessageConfirm","confirm":"bafe5d79-d5ba-469e-9731-2bb933143169","ts":"2026-06-25T21:40:53.191-04:00","source":{"id":"0","name":"eventBus"}}
{"__type":"$$EventMessageAudit","id":"db485858-5b84-4b0b-af16-12864967fd61","ts":"2026-06-25T21:41:22.594-04:00","eventName":"n8n.audit.workflow.updated","message":"n8n.audit.workflow.updated","payload":{"userId":"448d1c78-14c9-4b21-8889-88406fc00742","_email":"ryan_montes@proton.me","_firstName":"RYAN","_lastName":"ryan_montes@proton.me","globalRole":"global:owner","workflowId":"jarvis-matrix-001","workflowName":"Jarvis Sovereign Production Ingestion Matrix"}}
{"__type":"$$EventMessageConfirm","confirm":"db485858-5b84-4b0b-af16-12864967fd61","ts":"2026-06-25T21:41:22.595-04:00","source":{"id":"0","name":"eventBus"}}
{"__type":"$$EventMessageAudit","id":"24d8582d-f093-4125-866e-ed2f5a1d86ef","ts":"2026-06-25T21:41:39.716-04:00","eventName":"n8n.audit.workflow.updated","message":"n8n.audit.workflow.updated","payload":{"userId":"448d1c78-14c9-4b21-8889-88406fc00742","_email":"ryan_montes@proton.me","_firstName":"RYAN","_lastName":"ryan_montes@proton.me","globalRole":"global:owner","workflowId":"jarvis-matrix-001","workflowName":"Jarvis Sovereign Production Ingestion Matrix"}}
{"__type":"$$EventMessageConfirm","confirm":"24d8582d-f093-4125-866e-ed2f5a1d86ef","ts":"2026-06-25T21:41:39.716-04:00","source":{"id":"0","name":"eventBus"}}
{"__type":"$$EventMessageAudit","id":"c6d0ca4c-9550-4e3a-9ffc-89ec21518c2b","ts":"2026-06-25T21:41:53.443-04:00","eventName":"n8n.audit.workflow.updated","message":"n8n.audit.workflow.updated","payload":{"userId":"448d1c78-14c9-4b21-8889-88406fc00742","_email":"ryan_montes@proton.me","_firstName":"RYAN","_lastName":"ryan_montes@proton.me","globalRole":"global:owner","workflowId":"jarvis-matrix-001","workflowName":"Jarvis Sovereign Production Ingestion Matrix"}}
{"__type":"$$EventMessageConfirm","confirm":"c6d0ca4c-9550-4e3a-9ffc-89ec21518c2b","ts":"2026-06-25T21:41:53.444-04:00","source":{"id":"0","name":"eventBus"}}
{"__type":"$$EventMessageAudit","id":"abb058f3-fe8f-4746-b13f-d33ae00aa53e","ts":"2026-06-25T21:42:07.660-04:00","eventName":"n8n.audit.workflow.activated","message":"n8n.audit.workflow.activated","payload":{"userId":"448d1c78-14c9-4b21-8889-88406fc00742","_email":"ryan_montes@proton.me","_firstName":"RYAN","_lastName":"ryan_montes@proton.me","globalRole":"global:owner","workflowId":"jarvis-matrix-001","workflowName":"Jarvis Sovereign Production Ingestion Matrix","activeVersionId":"3a23a324-9b80-48bf-b688-7daf57e55eb6"}}
{"__type":"$$EventMessageConfirm","confirm":"abb058f3-fe8f-4746-b13f-d33ae00aa53e","ts":"2026-06-25T21:42:07.661-04:00","source":{"id":"0","name":"eventBus"}}
{"__type":"$$EventMessageAudit","id":"df741161-8a17-4125-bb8a-3e48e159a77d","ts":"2026-06-25T21:46:55.385-04:00","eventName":"n8n.audit.workflow.updated","message":"n8n.audit.workflow.updated","payload":{"userId":"448d1c78-14c9-4b21-8889-88406fc00742","_email":"ryan_montes@proton.me","_firstName":"RYAN","_lastName":"ryan_montes@proton.me","globalRole":"global:owner","workflowId":"jarvis-matrix-001","workflowName":"Jarvis Sovereign Production Ingestion Matrix"}}
{"__type":"$$EventMessageConfirm","confirm":"df741161-8a17-4125-bb8a-3e48e159a77d","ts":"2026-06-25T21:46:55.385-04:00","source":{"id":"0","name":"eventBus"}}
{"__type":"$$EventMessageAudit","id":"159a0403-e9f8-4fa2-b26a-3ab54c4d3fc8","ts":"2026-06-25T21:47:29.333-04:00","eventName":"n8n.audit.workflow.updated","message":"n8n.audit.workflow.updated","payload":{"userId":"448d1c78-14c9-4b21-8889-88406fc00742","_email":"ryan_montes@proton.me","_firstName":"RYAN","_lastName":"ryan_montes@proton.me","globalRole":"global:owner","workflowId":"jarvis-matrix-001","workflowName":"Jarvis Sovereign Production Ingestion Matrix"}}
{"__type":"$$EventMessageConfirm","confirm":"159a0403-e9f8-4fa2-b26a-3ab54c4d3fc8","ts":"2026-06-25T21:47:29.333-04:00","source":{"id":"0","name":"eventBus"}}
{"__type":"$$EventMessageAudit","id":"2c9ae67f-33d5-46c2-974e-4374b31aa12d","ts":"2026-06-25T21:48:48.028-04:00","eventName":"n8n.audit.workflow.executed","message":"n8n.audit.workflow.executed","payload":{"workflowId":"jarvis-matrix-001","workflowName":"Jarvis Sovereign Production Ingestion Matrix","executionId":"96","source":"webhook"}}
{"__type":"$$EventMessageConfirm","confirm":"2c9ae67f-33d5-46c2-974e-4374b31aa12d","ts":"2026-06-25T21:48:48.028-04:00","source":{"id":"0","name":"eventBus"}}
{"__type":"$$EventMessageWorkflow","id":"d84ce588-345f-4d00-b0bb-9f7aa4755a9f","ts":"2026-06-25T21:48:48.029-04:00","eventName":"n8n.workflow.started","message":"n8n.workflow.started","payload":{"executionId":"96","workflowId":"jarvis-matrix-001","isManual":false,"mode":"webhook","workflowName":"Jarvis Sovereign Production Ingestion Matrix","projectId":"JSKqQ8GbsHbe90LN","projectName":"RYAN ryan_montes@proton.me <ryan_montes@proton.me>"}}
{"__type":"$$EventMessageConfirm","confirm":"d84ce588-345f-4d00-b0bb-9f7aa4755a9f","ts":"2026-06-25T21:48:48.029-04:00","source":{"id":"0","name":"eventBus"}}
{"__type":"$$EventMessageNode","id":"f82234a0-9a68-4554-98b8-aa640a341d42","ts":"2026-06-25T21:48:48.029-04:00","eventName":"n8n.node.started","message":"n8n.node.started","payload":{"workflowId":"jarvis-matrix-001","workflowName":"Jarvis Sovereign Production Ingestion Matrix","executionId":"96","nodeType":"n8n-nodes-base.webhook","nodeName":"Webhook","nodeId":"webhook-trigger"}}
{"__type":"$$EventMessageConfirm","confirm":"f82234a0-9a68-4554-98b8-aa640a341d42","ts":"2026-06-25T21:48:48.029-04:00","source":{"id":"0","name":"eventBus"}}
{"__type":"$$EventMessageNode","id":"3b10b153-5a59-4b97-9716-6199217a46ea","ts":"2026-06-25T21:48:48.030-04:00","eventName":"n8n.node.finished","message":"n8n.node.finished","payload":{"workflowId":"jarvis-matrix-001","workflowName":"Jarvis Sovereign Production Ingestion Matrix","executionId":"96","nodeType":"n8n-nodes-base.webhook","nodeName":"Webhook","nodeId":"webhook-trigger"}}
{"__type":"$$EventMessageConfirm","confirm":"3b10b153-5a59-4b97-9716-6199217a46ea","ts":"2026-06-25T21:48:48.030-04:00","source":{"id":"0","name":"eventBus"}}
{"__type":"$$EventMessageNode","id":"511be42e-ecc0-4b80-80c6-27c3a5bcaf52","ts":"2026-06-25T21:48:48.030-04:00","eventName":"n8n.node.started","message":"n8n.node.started","payload":{"workflowId":"jarvis-matrix-001","workflowName":"Jarvis Sovereign Production Ingestion Matrix","executionId":"96","nodeType":"n8n-nodes-base.postgres","nodeName":"PostgreSQL Logger","nodeId":"postgres-logger"}}
{"__type":"$$EventMessageConfirm","confirm":"511be42e-ecc0-4b80-80c6-27c3a5bcaf52","ts":"2026-06-25T21:48:48.030-04:00","source":{"id":"0","name":"eventBus"}}
{"__type":"$$EventMessageNode","id":"294729b7-83da-4ed9-b265-6e737800e9b8","ts":"2026-06-25T21:48:48.054-04:00","eventName":"n8n.node.finished","message":"n8n.node.finished","payload":{"workflowId":"jarvis-matrix-001","workflowName":"Jarvis Sovereign Production Ingestion Matrix","executionId":"96","nodeType":"n8n-nodes-base.postgres","nodeName":"PostgreSQL Logger","nodeId":"postgres-logger"}}
{"__type":"$$EventMessageConfirm","confirm":"294729b7-83da-4ed9-b265-6e737800e9b8","ts":"2026-06-25T21:48:48.054-04:00","source":{"id":"0","name":"eventBus"}}
{"__type":"$$EventMessageNode","id":"518f651d-2035-4686-b33e-363784da9ec9","ts":"2026-06-25T21:48:48.054-04:00","eventName":"n8n.node.started","message":"n8n.node.started","payload":{"workflowId":"jarvis-matrix-001","workflowName":"Jarvis Sovereign Production Ingestion Matrix","executionId":"96","nodeType":"n8n-nodes-base.respondToWebhook","nodeName":"Respond to Webhook","nodeId":"respond-webhook"}}
{"__type":"$$EventMessageConfirm","confirm":"518f651d-2035-4686-b33e-363784da9ec9","ts":"2026-06-25T21:48:48.054-04:00","source":{"id":"0","name":"eventBus"}}
{"__type":"$$EventMessageNode","id":"8a5777fc-241b-4f1e-8bf4-2c95cc496cd3","ts":"2026-06-25T21:48:48.055-04:00","eventName":"n8n.node.finished","message":"n8n.node.finished","payload":{"workflowId":"jarvis-matrix-001","workflowName":"Jarvis Sovereign Production Ingestion Matrix","executionId":"96","nodeType":"n8n-nodes-base.respondToWebhook","nodeName":"Respond to Webhook","nodeId":"respond-webhook"}}
{"__type":"$$EventMessageConfirm","confirm":"8a5777fc-241b-4f1e-8bf4-2c95cc496cd3","ts":"2026-06-25T21:48:48.055-04:00","source":{"id":"0","name":"eventBus"}}
{"__type":"$$EventMessageWorkflow","id":"da635955-8ad8-44cf-97cf-d0e3bdd49e4b","ts":"2026-06-25T21:48:48.057-04:00","eventName":"n8n.workflow.success","message":"n8n.workflow.success","payload":{"executionId":"96","success":true,"isManual":false,"mode":"webhook","workflowId":"jarvis-matrix-001","workflowName":"Jarvis Sovereign Production Ingestion Matrix","projectId":"JSKqQ8GbsHbe90LN","projectName":"RYAN ryan_montes@proton.me <ryan_montes@proton.me>"}}
{"__type":"$$EventMessageConfirm","confirm":"da635955-8ad8-44cf-97cf-d0e3bdd49e4b","ts":"2026-06-25T21:48:48.057-04:00","source":{"id":"0","name":"eventBus"}}
{"__type":"$$EventMessageAudit","id":"a49169bd-70f0-408f-9b19-86d9f4b7b0e0","ts":"2026-06-25T22:33:47.789-04:00","eventName":"n8n.audit.workflow.deactivated","message":"n8n.audit.workflow.deactivated","payload":{"userId":"448d1c78-14c9-4b21-8889-88406fc00742","_email":"ryan_montes@proton.me","_firstName":"RYAN","_lastName":"ryan_montes@proton.me","globalRole":"global:owner","workflowId":"jarvis-matrix-001","workflowName":"Jarvis Sovereign Production Ingestion Matrix","deactivatedVersionId":"3a23a324-9b80-48bf-b688-7daf57e55eb6"}}
{"__type":"$$EventMessageConfirm","confirm":"a49169bd-70f0-408f-9b19-86d9f4b7b0e0","ts":"2026-06-25T22:33:47.790-04:00","source":{"id":"0","name":"eventBus"}}
{"__type":"$$EventMessageAudit","id":"4bb1a88a-6e96-4d46-a474-e9bddc8451a7","ts":"2026-06-25T22:33:47.819-04:00","eventName":"n8n.audit.workflow.activated","message":"n8n.audit.workflow.activated","payload":{"userId":"448d1c78-14c9-4b21-8889-88406fc00742","_email":"ryan_montes@proton.me","_firstName":"RYAN","_lastName":"ryan_montes@proton.me","globalRole":"global:owner","workflowId":"jarvis-matrix-001","workflowName":"Jarvis Sovereign Production Ingestion Matrix","activeVersionId":"6a3482b6-a2a0-42b0-9e67-138fce5518b0"}}
{"__type":"$$EventMessageConfirm","confirm":"4bb1a88a-6e96-4d46-a474-e9bddc8451a7","ts":"2026-06-25T22:33:47.819-04:00","source":{"id":"0","name":"eventBus"}}
{"__type":"$$EventMessageAudit","id":"fdfb62c5-f2cd-4ded-8e74-2d67fc288ac8","ts":"2026-06-25T22:37:50.123-04:00","eventName":"n8n.audit.workflow.executed","message":"n8n.audit.workflow.executed","payload":{"workflowId":"jarvis-matrix-001","workflowName":"Jarvis Sovereign Production Ingestion Matrix","executionId":"97","source":"webhook"}}
{"__type":"$$EventMessageConfirm","confirm":"fdfb62c5-f2cd-4ded-8e74-2d67fc288ac8","ts":"2026-06-25T22:37:50.123-04:00","source":{"id":"0","name":"eventBus"}}
{"__type":"$$EventMessageWorkflow","id":"fb7befb7-88ba-4b38-8053-a5259a33aaa0","ts":"2026-06-25T22:37:50.123-04:00","eventName":"n8n.workflow.started","message":"n8n.workflow.started","payload":{"executionId":"97","workflowId":"jarvis-matrix-001","isManual":false,"mode":"webhook","workflowName":"Jarvis Sovereign Production Ingestion Matrix","projectId":"JSKqQ8GbsHbe90LN","projectName":"RYAN ryan_montes@proton.me <ryan_montes@proton.me>"}}
{"__type":"$$EventMessageConfirm","confirm":"fb7befb7-88ba-4b38-8053-a5259a33aaa0","ts":"2026-06-25T22:37:50.123-04:00","source":{"id":"0","name":"eventBus"}}
{"__type":"$$EventMessageNode","id":"db2a6977-afe9-4fc7-a9c9-536a9fc69cdd","ts":"2026-06-25T22:37:50.124-04:00","eventName":"n8n.node.started","message":"n8n.node.started","payload":{"workflowId":"jarvis-matrix-001","workflowName":"Jarvis Sovereign Production Ingestion Matrix","executionId":"97","nodeType":"n8n-nodes-base.webhook","nodeName":"Webhook","nodeId":"webhook-trigger"}}
{"__type":"$$EventMessageConfirm","confirm":"db2a6977-afe9-4fc7-a9c9-536a9fc69cdd","ts":"2026-06-25T22:37:50.124-04:00","source":{"id":"0","name":"eventBus"}}
{"__type":"$$EventMessageNode","id":"e8862ddc-13a2-4300-8c51-22d5442a4c30","ts":"2026-06-25T22:37:50.124-04:00","eventName":"n8n.node.finished","message":"n8n.node.finished","payload":{"workflowId":"jarvis-matrix-001","workflowName":"Jarvis Sovereign Production Ingestion Matrix","executionId":"97","nodeType":"n8n-nodes-base.webhook","nodeName":"Webhook","nodeId":"webhook-trigger"}}
{"__type":"$$EventMessageConfirm","confirm":"e8862ddc-13a2-4300-8c51-22d5442a4c30","ts":"2026-06-25T22:37:50.124-04:00","source":{"id":"0","name":"eventBus"}}
{"__type":"$$EventMessageNode","id":"c015fc08-bba5-4993-b3b8-1229263f6a53","ts":"2026-06-25T22:37:50.124-04:00","eventName":"n8n.node.started","message":"n8n.node.started","payload":{"workflowId":"jarvis-matrix-001","workflowName":"Jarvis Sovereign Production Ingestion Matrix","executionId":"97","nodeType":"n8n-nodes-base.postgres","nodeName":"PostgreSQL Logger","nodeId":"postgres-logger"}}
{"__type":"$$EventMessageConfirm","confirm":"c015fc08-bba5-4993-b3b8-1229263f6a53","ts":"2026-06-25T22:37:50.124-04:00","source":{"id":"0","name":"eventBus"}}
{"__type":"$$EventMessageNode","id":"8da1a3ba-d1f3-4ed9-a915-64cc172aa786","ts":"2026-06-25T22:37:50.154-04:00","eventName":"n8n.node.finished","message":"n8n.node.finished","payload":{"workflowId":"jarvis-matrix-001","workflowName":"Jarvis Sovereign Production Ingestion Matrix","executionId":"97","nodeType":"n8n-nodes-base.postgres","nodeName":"PostgreSQL Logger","nodeId":"postgres-logger"}}
{"__type":"$$EventMessageConfirm","confirm":"8da1a3ba-d1f3-4ed9-a915-64cc172aa786","ts":"2026-06-25T22:37:50.154-04:00","source":{"id":"0","name":"eventBus"}}
{"__type":"$$EventMessageNode","id":"a9912515-a4ae-40c3-a002-beffc35e9fff","ts":"2026-06-25T22:37:50.154-04:00","eventName":"n8n.node.started","message":"n8n.node.started","payload":{"workflowId":"jarvis-matrix-001","workflowName":"Jarvis Sovereign Production Ingestion Matrix","executionId":"97","nodeType":"n8n-nodes-base.respondToWebhook","nodeName":"Respond to Webhook","nodeId":"respond-webhook"}}
{"__type":"$$EventMessageConfirm","confirm":"a9912515-a4ae-40c3-a002-beffc35e9fff","ts":"2026-06-25T22:37:50.154-04:00","source":{"id":"0","name":"eventBus"}}
{"__type":"$$EventMessageNode","id":"e81f14cd-54de-4cdc-b040-95730621c0f6","ts":"2026-06-25T22:37:50.154-04:00","eventName":"n8n.node.finished","message":"n8n.node.finished","payload":{"workflowId":"jarvis-matrix-001","workflowName":"Jarvis Sovereign Production Ingestion Matrix","executionId":"97","nodeType":"n8n-nodes-base.respondToWebhook","nodeName":"Respond to Webhook","nodeId":"respond-webhook"}}
{"__type":"$$EventMessageConfirm","confirm":"e81f14cd-54de-4cdc-b040-95730621c0f6","ts":"2026-06-25T22:37:50.154-04:00","source":{"id":"0","name":"eventBus"}}
{"__type":"$$EventMessageWorkflow","id":"e1cd9022-a4aa-4d1c-9fa6-1604ed910cdb","ts":"2026-06-25T22:37:50.155-04:00","eventName":"n8n.workflow.success","message":"n8n.workflow.success","payload":{"executionId":"97","success":true,"isManual":false,"mode":"webhook","workflowId":"jarvis-matrix-001","workflowName":"Jarvis Sovereign Production Ingestion Matrix","projectId":"JSKqQ8GbsHbe90LN","projectName":"RYAN ryan_montes@proton.me <ryan_montes@proton.me>"}}
{"__type":"$$EventMessageConfirm","confirm":"e1cd9022-a4aa-4d1c-9fa6-1604ed910cdb","ts":"2026-06-25T22:37:50.155-04:00","source":{"id":"0","name":"eventBus"}}
{"__type":"$$EventMessageAudit","id":"03ac4f01-42b8-41be-8622-89a9d47e0656","ts":"2026-06-25T22:38:21.598-04:00","eventName":"n8n.audit.workflow.executed","message":"n8n.audit.workflow.executed","payload":{"workflowId":"jarvis-matrix-001","workflowName":"Jarvis Sovereign Production Ingestion Matrix","executionId":"98","source":"webhook"}}
{"__type":"$$EventMessageConfirm","confirm":"03ac4f01-42b8-41be-8622-89a9d47e0656","ts":"2026-06-25T22:38:21.599-04:00","source":{"id":"0","name":"eventBus"}}
{"__type":"$$EventMessageWorkflow","id":"41a40f7a-39db-47a6-ae2d-0332537398e1","ts":"2026-06-25T22:38:21.599-04:00","eventName":"n8n.workflow.started","message":"n8n.workflow.started","payload":{"executionId":"98","workflowId":"jarvis-matrix-001","isManual":false,"mode":"webhook","workflowName":"Jarvis Sovereign Production Ingestion Matrix","projectId":"JSKqQ8GbsHbe90LN","projectName":"RYAN ryan_montes@proton.me <ryan_montes@proton.me>"}}
{"__type":"$$EventMessageConfirm","confirm":"41a40f7a-39db-47a6-ae2d-0332537398e1","ts":"2026-06-25T22:38:21.599-04:00","source":{"id":"0","name":"eventBus"}}
{"__type":"$$EventMessageNode","id":"a039ab5c-5491-4f67-9ac0-5ca505548cca","ts":"2026-06-25T22:38:21.599-04:00","eventName":"n8n.node.started","message":"n8n.node.started","payload":{"workflowId":"jarvis-matrix-001","workflowName":"Jarvis Sovereign Production Ingestion Matrix","executionId":"98","nodeType":"n8n-nodes-base.webhook","nodeName":"Webhook","nodeId":"webhook-trigger"}}
{"__type":"$$EventMessageConfirm","confirm":"a039ab5c-5491-4f67-9ac0-5ca505548cca","ts":"2026-06-25T22:38:21.599-04:00","source":{"id":"0","name":"eventBus"}}
{"__type":"$$EventMessageNode","id":"29081919-bbf5-4788-af0b-ba45ed5ba7e2","ts":"2026-06-25T22:38:21.599-04:00","eventName":"n8n.node.finished","message":"n8n.node.finished","payload":{"workflowId":"jarvis-matrix-001","workflowName":"Jarvis Sovereign Production Ingestion Matrix","executionId":"98","nodeType":"n8n-nodes-base.webhook","nodeName":"Webhook","nodeId":"webhook-trigger"}}
{"__type":"$$EventMessageConfirm","confirm":"29081919-bbf5-4788-af0b-ba45ed5ba7e2","ts":"2026-06-25T22:38:21.599-04:00","source":{"id":"0","name":"eventBus"}}
{"__type":"$$EventMessageNode","id":"3161b726-7b8b-46ae-b85f-c931f30bea70","ts":"2026-06-25T22:38:21.599-04:00","eventName":"n8n.node.started","message":"n8n.node.started","payload":{"workflowId":"jarvis-matrix-001","workflowName":"Jarvis Sovereign Production Ingestion Matrix","executionId":"98","nodeType":"n8n-nodes-base.postgres","nodeName":"PostgreSQL Logger","nodeId":"postgres-logger"}}
{"__type":"$$EventMessageConfirm","confirm":"3161b726-7b8b-46ae-b85f-c931f30bea70","ts":"2026-06-25T22:38:21.599-04:00","source":{"id":"0","name":"eventBus"}}
{"__type":"$$EventMessageNode","id":"117cb2a9-46f2-455e-80d5-7f4abed303c2","ts":"2026-06-25T22:38:21.618-04:00","eventName":"n8n.node.finished","message":"n8n.node.finished","payload":{"workflowId":"jarvis-matrix-001","workflowName":"Jarvis Sovereign Production Ingestion Matrix","executionId":"98","nodeType":"n8n-nodes-base.postgres","nodeName":"PostgreSQL Logger","nodeId":"postgres-logger"}}
{"__type":"$$EventMessageConfirm","confirm":"117cb2a9-46f2-455e-80d5-7f4abed303c2","ts":"2026-06-25T22:38:21.618-04:00","source":{"id":"0","name":"eventBus"}}
{"__type":"$$EventMessageNode","id":"dff8ebe4-1128-48c9-bc73-d721cb72e9a6","ts":"2026-06-25T22:38:21.618-04:00","eventName":"n8n.node.started","message":"n8n.node.started","payload":{"workflowId":"jarvis-matrix-001","workflowName":"Jarvis Sovereign Production Ingestion Matrix","executionId":"98","nodeType":"n8n-nodes-base.respondToWebhook","nodeName":"Respond to Webhook","nodeId":"respond-webhook"}}
{"__type":"$$EventMessageConfirm","confirm":"dff8ebe4-1128-48c9-bc73-d721cb72e9a6","ts":"2026-06-25T22:38:21.618-04:00","source":{"id":"0","name":"eventBus"}}
{"__type":"$$EventMessageNode","id":"c74f6bc7-5e9d-4c4e-8aee-100732bd5c95","ts":"2026-06-25T22:38:21.618-04:00","eventName":"n8n.node.finished","message":"n8n.node.finished","payload":{"workflowId":"jarvis-matrix-001","workflowName":"Jarvis Sovereign Production Ingestion Matrix","executionId":"98","nodeType":"n8n-nodes-base.respondToWebhook","nodeName":"Respond to Webhook","nodeId":"respond-webhook"}}
{"__type":"$$EventMessageConfirm","confirm":"c74f6bc7-5e9d-4c4e-8aee-100732bd5c95","ts":"2026-06-25T22:38:21.618-04:00","source":{"id":"0","name":"eventBus"}}
{"__type":"$$EventMessageWorkflow","id":"bbbca556-1b8c-4e6d-a563-63aaebb93760","ts":"2026-06-25T22:38:21.619-04:00","eventName":"n8n.workflow.success","message":"n8n.workflow.success","payload":{"executionId":"98","success":true,"isManual":false,"mode":"webhook","workflowId":"jarvis-matrix-001","workflowName":"Jarvis Sovereign Production Ingestion Matrix","projectId":"JSKqQ8GbsHbe90LN","projectName":"RYAN ryan_montes@proton.me <ryan_montes@proton.me>"}}
{"__type":"$$EventMessageConfirm","confirm":"bbbca556-1b8c-4e6d-a563-63aaebb93760","ts":"2026-06-25T22:38:21.619-04:00","source":{"id":"0","name":"eventBus"}}
{"__type":"$$EventMessageAudit","id":"062572c4-ee2f-40ed-8f73-6cb9d87ec8eb","ts":"2026-06-25T22:38:51.859-04:00","eventName":"n8n.audit.workflow.executed","message":"n8n.audit.workflow.executed","payload":{"workflowId":"jarvis-matrix-001","workflowName":"Jarvis Sovereign Production Ingestion Matrix","executionId":"99","source":"webhook"}}
{"__type":"$$EventMessageConfirm","confirm":"062572c4-ee2f-40ed-8f73-6cb9d87ec8eb","ts":"2026-06-25T22:38:51.859-04:00","source":{"id":"0","name":"eventBus"}}
{"__type":"$$EventMessageWorkflow","id":"687ba2c7-d7f7-4b4b-95aa-d74f8c22db57","ts":"2026-06-25T22:38:51.859-04:00","eventName":"n8n.workflow.started","message":"n8n.workflow.started","payload":{"executionId":"99","workflowId":"jarvis-matrix-001","isManual":false,"mode":"manual","workflowName":"Jarvis Sovereign Production Ingestion Matrix","projectId":"JSKqQ8GbsHbe90LN","projectName":"RYAN ryan_montes@proton.me <ryan_montes@proton.me>"}}
{"__type":"$$EventMessageConfirm","confirm":"687ba2c7-d7f7-4b4b-95aa-d74f8c22db57","ts":"2026-06-25T22:38:51.859-04:00","source":{"id":"0","name":"eventBus"}}
{"__type":"$$EventMessageNode","id":"26fc09d8-b21e-456a-affe-e4d435565e1d","ts":"2026-06-25T22:38:51.876-04:00","eventName":"n8n.node.started","message":"n8n.node.started","payload":{"workflowId":"jarvis-matrix-001","workflowName":"Jarvis Sovereign Production Ingestion Matrix","executionId":"99","nodeType":"n8n-nodes-base.webhook","nodeName":"Webhook","nodeId":"webhook-trigger"}}
{"__type":"$$EventMessageConfirm","confirm":"26fc09d8-b21e-456a-affe-e4d435565e1d","ts":"2026-06-25T22:38:51.876-04:00","source":{"id":"0","name":"eventBus"}}
{"__type":"$$EventMessageNode","id":"3f070582-d678-4000-9f7d-36e5fb51f6d7","ts":"2026-06-25T22:38:51.877-04:00","eventName":"n8n.node.finished","message":"n8n.node.finished","payload":{"workflowId":"jarvis-matrix-001","workflowName":"Jarvis Sovereign Production Ingestion Matrix","executionId":"99","nodeType":"n8n-nodes-base.webhook","nodeName":"Webhook","nodeId":"webhook-trigger"}}
{"__type":"$$EventMessageConfirm","confirm":"3f070582-d678-4000-9f7d-36e5fb51f6d7","ts":"2026-06-25T22:38:51.877-04:00","source":{"id":"0","name":"eventBus"}}
{"__type":"$$EventMessageNode","id":"14cd5e8b-1037-452f-b8af-868cc8a19e10","ts":"2026-06-25T22:38:51.879-04:00","eventName":"n8n.node.started","message":"n8n.node.started","payload":{"workflowId":"jarvis-matrix-001","workflowName":"Jarvis Sovereign Production Ingestion Matrix","executionId":"99","nodeType":"n8n-nodes-base.postgres","nodeName":"PostgreSQL Logger","nodeId":"postgres-logger"}}
{"__type":"$$EventMessageConfirm","confirm":"14cd5e8b-1037-452f-b8af-868cc8a19e10","ts":"2026-06-25T22:38:51.879-04:00","source":{"id":"0","name":"eventBus"}}
{"__type":"$$EventMessageNode","id":"8ce3dc69-a3aa-48a9-bb47-653f083e6e16","ts":"2026-06-25T22:38:51.900-04:00","eventName":"n8n.node.finished","message":"n8n.node.finished","payload":{"workflowId":"jarvis-matrix-001","workflowName":"Jarvis Sovereign Production Ingestion Matrix","executionId":"99","nodeType":"n8n-nodes-base.postgres","nodeName":"PostgreSQL Logger","nodeId":"postgres-logger"}}
{"__type":"$$EventMessageConfirm","confirm":"8ce3dc69-a3aa-48a9-bb47-653f083e6e16","ts":"2026-06-25T22:38:51.900-04:00","source":{"id":"0","name":"eventBus"}}
{"__type":"$$EventMessageNode","id":"1de90d1c-37f3-44f1-bc26-89f6793eab4a","ts":"2026-06-25T22:38:51.900-04:00","eventName":"n8n.node.started","message":"n8n.node.started","payload":{"workflowId":"jarvis-matrix-001","workflowName":"Jarvis Sovereign Production Ingestion Matrix","executionId":"99","nodeType":"n8n-nodes-base.respondToWebhook","nodeName":"Respond to Webhook","nodeId":"respond-webhook"}}
{"__type":"$$EventMessageConfirm","confirm":"1de90d1c-37f3-44f1-bc26-89f6793eab4a","ts":"2026-06-25T22:38:51.901-04:00","source":{"id":"0","name":"eventBus"}}
{"__type":"$$EventMessageNode","id":"903970a3-1ed3-4e3c-a72c-d7f88d811ed2","ts":"2026-06-25T22:38:51.902-04:00","eventName":"n8n.node.finished","message":"n8n.node.finished","payload":{"workflowId":"jarvis-matrix-001","workflowName":"Jarvis Sovereign Production Ingestion Matrix","executionId":"99","nodeType":"n8n-nodes-base.respondToWebhook","nodeName":"Respond to Webhook","nodeId":"respond-webhook"}}
{"__type":"$$EventMessageConfirm","confirm":"903970a3-1ed3-4e3c-a72c-d7f88d811ed2","ts":"2026-06-25T22:38:51.902-04:00","source":{"id":"0","name":"eventBus"}}
{"__type":"$$EventMessageWorkflow","id":"91b123fc-c409-49b1-8971-752e189a09c4","ts":"2026-06-25T22:38:51.906-04:00","eventName":"n8n.workflow.success","message":"n8n.workflow.success","payload":{"userId":"448d1c78-14c9-4b21-8889-88406fc00742","executionId":"99","success":true,"isManual":true,"mode":"manual","workflowId":"jarvis-matrix-001","workflowName":"Jarvis Sovereign Production Ingestion Matrix","projectId":"JSKqQ8GbsHbe90LN","projectName":"RYAN ryan_montes@proton.me <ryan_montes@proton.me>"}}
{"__type":"$$EventMessageConfirm","confirm":"91b123fc-c409-49b1-8971-752e189a09c4","ts":"2026-06-25T22:38:51.906-04:00","source":{"id":"0","name":"eventBus"}}
{"__type":"$$EventMessageAudit","id":"619e5e28-5edd-47d0-b6e4-cb0d4ea2ee7d","ts":"2026-06-25T22:39:07.051-04:00","eventName":"n8n.audit.workflow.updated","message":"n8n.audit.workflow.updated","payload":{"userId":"448d1c78-14c9-4b21-8889-88406fc00742","_email":"ryan_montes@proton.me","_firstName":"RYAN","_lastName":"ryan_montes@proton.me","globalRole":"global:owner","workflowId":"jarvis-matrix-001","workflowName":"Jarvis Sovereign Production Ingestion Matrix"}}
{"__type":"$$EventMessageConfirm","confirm":"619e5e28-5edd-47d0-b6e4-cb0d4ea2ee7d","ts":"2026-06-25T22:39:07.051-04:00","source":{"id":"0","name":"eventBus"}}
{"__type":"$$EventMessageAudit","id":"907f75f6-5d54-4ff6-8985-b01ea7ff4bfe","ts":"2026-06-25T22:39:10.222-04:00","eventName":"n8n.audit.workflow.updated","message":"n8n.audit.workflow.updated","payload":{"userId":"448d1c78-14c9-4b21-8889-88406fc00742","_email":"ryan_montes@proton.me","_firstName":"RYAN","_lastName":"ryan_montes@proton.me","globalRole":"global:owner","workflowId":"jarvis-matrix-001","workflowName":"Jarvis Sovereign Production Ingestion Matrix"}}
{"__type":"$$EventMessageConfirm","confirm":"907f75f6-5d54-4ff6-8985-b01ea7ff4bfe","ts":"2026-06-25T22:39:10.222-04:00","source":{"id":"0","name":"eventBus"}}
{"__type":"$$EventMessageAudit","id":"91a55c48-fbee-4bbf-9323-3ee033c2a002","ts":"2026-06-25T22:39:12.365-04:00","eventName":"n8n.audit.workflow.updated","message":"n8n.audit.workflow.updated","payload":{"userId":"448d1c78-14c9-4b21-8889-88406fc00742","_email":"ryan_montes@proton.me","_firstName":"RYAN","_lastName":"ryan_montes@proton.me","globalRole":"global:owner","workflowId":"jarvis-matrix-001","workflowName":"Jarvis Sovereign Production Ingestion Matrix"}}
{"__type":"$$EventMessageConfirm","confirm":"91a55c48-fbee-4bbf-9323-3ee033c2a002","ts":"2026-06-25T22:39:12.365-04:00","source":{"id":"0","name":"eventBus"}}
{"__type":"$$EventMessageAudit","id":"28e150d3-769a-47bb-96bd-219f2e80713e","ts":"2026-06-25T22:39:14.552-04:00","eventName":"n8n.audit.workflow.updated","message":"n8n.audit.workflow.updated","payload":{"userId":"448d1c78-14c9-4b21-8889-88406fc00742","_email":"ryan_montes@proton.me","_firstName":"RYAN","_lastName":"ryan_montes@proton.me","globalRole":"global:owner","workflowId":"jarvis-matrix-001","workflowName":"Jarvis Sovereign Production Ingestion Matrix"}}
{"__type":"$$EventMessageConfirm","confirm":"28e150d3-769a-47bb-96bd-219f2e80713e","ts":"2026-06-25T22:39:14.552-04:00","source":{"id":"0","name":"eventBus"}}
{"__type":"$$EventMessageAudit","id":"d4cb678f-de53-41ae-9eff-55c67ac72600","ts":"2026-06-25T22:39:24.543-04:00","eventName":"n8n.audit.workflow.updated","message":"n8n.audit.workflow.updated","payload":{"userId":"448d1c78-14c9-4b21-8889-88406fc00742","_email":"ryan_montes@proton.me","_firstName":"RYAN","_lastName":"ryan_montes@proton.me","globalRole":"global:owner","workflowId":"jarvis-matrix-001","workflowName":"Jarvis Sovereign Production Ingestion Matrix"}}
{"__type":"$$EventMessageConfirm","confirm":"d4cb678f-de53-41ae-9eff-55c67ac72600","ts":"2026-06-25T22:39:24.543-04:00","source":{"id":"0","name":"eventBus"}}
{"__type":"$$EventMessageAudit","id":"80752c39-8796-48cf-8904-0837ef4fe06f","ts":"2026-06-25T22:39:41.340-04:00","eventName":"n8n.audit.workflow.updated","message":"n8n.audit.workflow.updated","payload":{"userId":"448d1c78-14c9-4b21-8889-88406fc00742","_email":"ryan_montes@proton.me","_firstName":"RYAN","_lastName":"ryan_montes@proton.me","globalRole":"global:owner","workflowId":"jarvis-matrix-001","workflowName":"Jarvis Sovereign Production Ingestion Matrix"}}
{"__type":"$$EventMessageConfirm","confirm":"80752c39-8796-48cf-8904-0837ef4fe06f","ts":"2026-06-25T22:39:41.340-04:00","source":{"id":"0","name":"eventBus"}}
{"__type":"$$EventMessageAudit","id":"3b022683-3f4a-4ae7-8d30-f0ed422c09f0","ts":"2026-06-25T22:44:11.321-04:00","eventName":"n8n.audit.workflow.updated","message":"n8n.audit.workflow.updated","payload":{"userId":"448d1c78-14c9-4b21-8889-88406fc00742","_email":"ryan_montes@proton.me","_firstName":"RYAN","_lastName":"ryan_montes@proton.me","globalRole":"global:owner","workflowId":"jarvis-matrix-001","workflowName":"Jarvis Sovereign Production Ingestion Matrix"}}
{"__type":"$$EventMessageConfirm","confirm":"3b022683-3f4a-4ae7-8d30-f0ed422c09f0","ts":"2026-06-25T22:44:11.321-04:00","source":{"id":"0","name":"eventBus"}}
{"__type":"$$EventMessageAudit","id":"0b71dbbc-834f-4a09-8d9e-e299c45ba552","ts":"2026-06-25T22:44:20.581-04:00","eventName":"n8n.audit.workflow.updated","message":"n8n.audit.workflow.updated","payload":{"userId":"448d1c78-14c9-4b21-8889-88406fc00742","_email":"ryan_montes@proton.me","_firstName":"RYAN","_lastName":"ryan_montes@proton.me","globalRole":"global:owner","workflowId":"jarvis-matrix-001","workflowName":"Jarvis Sovereign Production Ingestion Matrix"}}
{"__type":"$$EventMessageConfirm","confirm":"0b71dbbc-834f-4a09-8d9e-e299c45ba552","ts":"2026-06-25T22:44:20.581-04:00","source":{"id":"0","name":"eventBus"}}
{"__type":"$$EventMessageAudit","id":"86388ab0-a7a5-487c-b440-80aaef452131","ts":"2026-06-25T22:44:22.178-04:00","eventName":"n8n.audit.workflow.updated","message":"n8n.audit.workflow.updated","payload":{"userId":"448d1c78-14c9-4b21-8889-88406fc00742","_email":"ryan_montes@proton.me","_firstName":"RYAN","_lastName":"ryan_montes@proton.me","globalRole":"global:owner","workflowId":"jarvis-matrix-001","workflowName":"Jarvis Sovereign Production Ingestion Matrix"}}
{"__type":"$$EventMessageConfirm","confirm":"86388ab0-a7a5-487c-b440-80aaef452131","ts":"2026-06-25T22:44:22.179-04:00","source":{"id":"0","name":"eventBus"}}
{"__type":"$$EventMessageAudit","id":"85464eb6-64f8-4b0d-8649-c6e3b94685de","ts":"2026-06-25T22:44:25.004-04:00","eventName":"n8n.audit.workflow.updated","message":"n8n.audit.workflow.updated","payload":{"userId":"448d1c78-14c9-4b21-8889-88406fc00742","_email":"ryan_montes@proton.me","_firstName":"RYAN","_lastName":"ryan_montes@proton.me","globalRole":"global:owner","workflowId":"jarvis-matrix-001","workflowName":"Jarvis Sovereign Production Ingestion Matrix"}}
{"__type":"$$EventMessageConfirm","confirm":"85464eb6-64f8-4b0d-8649-c6e3b94685de","ts":"2026-06-25T22:44:25.004-04:00","source":{"id":"0","name":"eventBus"}}
{"__type":"$$EventMessageAudit","id":"8bc8c3e1-f8b2-4968-ba88-d4e40b8a8839","ts":"2026-06-25T22:44:27.401-04:00","eventName":"n8n.audit.workflow.updated","message":"n8n.audit.workflow.updated","payload":{"userId":"448d1c78-14c9-4b21-8889-88406fc00742","_email":"ryan_montes@proton.me","_firstName":"RYAN","_lastName":"ryan_montes@proton.me","globalRole":"global:owner","workflowId":"jarvis-matrix-001","workflowName":"Jarvis Sovereign Production Ingestion Matrix"}}
{"__type":"$$EventMessageConfirm","confirm":"8bc8c3e1-f8b2-4968-ba88-d4e40b8a8839","ts":"2026-06-25T22:44:27.401-04:00","source":{"id":"0","name":"eventBus"}}
{"__type":"$$EventMessageAudit","id":"e5eff934-bad3-408c-88f0-0bcada834206","ts":"2026-06-25T22:44:33.259-04:00","eventName":"n8n.audit.workflow.updated","message":"n8n.audit.workflow.updated","payload":{"userId":"448d1c78-14c9-4b21-8889-88406fc00742","_email":"ryan_montes@proton.me","_firstName":"RYAN","_lastName":"ryan_montes@proton.me","globalRole":"global:owner","workflowId":"jarvis-matrix-001","workflowName":"Jarvis Sovereign Production Ingestion Matrix"}}
{"__type":"$$EventMessageConfirm","confirm":"e5eff934-bad3-408c-88f0-0bcada834206","ts":"2026-06-25T22:44:33.259-04:00","source":{"id":"0","name":"eventBus"}}
{"__type":"$$EventMessageAudit","id":"2e62a4a2-d86e-49e3-995d-263172038d87","ts":"2026-06-25T22:44:58.565-04:00","eventName":"n8n.audit.workflow.updated","message":"n8n.audit.workflow.updated","payload":{"userId":"448d1c78-14c9-4b21-8889-88406fc00742","_email":"ryan_montes@proton.me","_firstName":"RYAN","_lastName":"ryan_montes@proton.me","globalRole":"global:owner","workflowId":"jarvis-matrix-001","workflowName":"Automated Document Generation & Delivery Loop"}}
{"__type":"$$EventMessageConfirm","confirm":"2e62a4a2-d86e-49e3-995d-263172038d87","ts":"2026-06-25T22:44:58.565-04:00","source":{"id":"0","name":"eventBus"}}
{"__type":"$$EventMessageAudit","id":"dc248ab4-8e35-454d-b3d3-3c17063d5f80","ts":"2026-06-25T22:45:07.599-04:00","eventName":"n8n.audit.workflow.updated","message":"n8n.audit.workflow.updated","payload":{"userId":"448d1c78-14c9-4b21-8889-88406fc00742","_email":"ryan_montes@proton.me","_firstName":"RYAN","_lastName":"ryan_montes@proton.me","globalRole":"global:owner","workflowId":"jarvis-matrix-001","workflowName":"Automated Document Generation & Delivery Loop"}}
{"__type":"$$EventMessageConfirm","confirm":"dc248ab4-8e35-454d-b3d3-3c17063d5f80","ts":"2026-06-25T22:45:07.599-04:00","source":{"id":"0","name":"eventBus"}}
{"__type":"$$EventMessageAudit","id":"4978cb18-5066-4a2b-8ea0-e53b80a12e8c","ts":"2026-06-25T22:59:21.683-04:00","eventName":"n8n.audit.workflow.created","message":"n8n.audit.workflow.created","payload":{"userId":"448d1c78-14c9-4b21-8889-88406fc00742","_email":"ryan_montes@proton.me","_firstName":"RYAN","_lastName":"ryan_montes@proton.me","globalRole":"global:owner","workflowId":"CidfKbkdf8m4iYOr","workflowName":"My workflow 2"}}
{"__type":"$$EventMessageConfirm","confirm":"4978cb18-5066-4a2b-8ea0-e53b80a12e8c","ts":"2026-06-25T22:59:21.683-04:00","source":{"id":"0","name":"eventBus"}}
{"__type":"$$EventMessageAudit","id":"da73660b-c228-4134-93d1-86fabf67dbbf","ts":"2026-06-25T22:59:26.066-04:00","eventName":"n8n.audit.workflow.updated","message":"n8n.audit.workflow.updated","payload":{"userId":"448d1c78-14c9-4b21-8889-88406fc00742","_email":"ryan_montes@proton.me","_firstName":"RYAN","_lastName":"ryan_montes@proton.me","globalRole":"global:owner","workflowId":"CidfKbkdf8m4iYOr","workflowName":"My workflow 2"}}
{"__type":"$$EventMessageConfirm","confirm":"da73660b-c228-4134-93d1-86fabf67dbbf","ts":"2026-06-25T22:59:26.066-04:00","source":{"id":"0","name":"eventBus"}}
{"__type":"$$EventMessageAudit","id":"8265e683-4c6d-4cc7-9fba-fd0235722d69","ts":"2026-06-25T23:01:56.900-04:00","eventName":"n8n.audit.workflow.updated","message":"n8n.audit.workflow.updated","payload":{"userId":"448d1c78-14c9-4b21-8889-88406fc00742","_email":"ryan_montes@proton.me","_firstName":"RYAN","_lastName":"ryan_montes@proton.me","globalRole":"global:owner","workflowId":"CidfKbkdf8m4iYOr","workflowName":"Generate Client Contract"}}
{"__type":"$$EventMessageConfirm","confirm":"8265e683-4c6d-4cc7-9fba-fd0235722d69","ts":"2026-06-25T23:01:56.900-04:00","source":{"id":"0","name":"eventBus"}}
{"__type":"$$EventMessageAudit","id":"2dd0ca9c-78c9-4518-8977-444a25986f30","ts":"2026-06-25T23:03:05.064-04:00","eventName":"n8n.audit.workflow.updated","message":"n8n.audit.workflow.updated","payload":{"userId":"448d1c78-14c9-4b21-8889-88406fc00742","_email":"ryan_montes@proton.me","_firstName":"RYAN","_lastName":"ryan_montes@proton.me","globalRole":"global:owner","workflowId":"jarvis-matrix-001","workflowName":"Automated Document Generation & Delivery Loop"}}
{"__type":"$$EventMessageConfirm","confirm":"2dd0ca9c-78c9-4518-8977-444a25986f30","ts":"2026-06-25T23:03:05.064-04:00","source":{"id":"0","name":"eventBus"}}
{"__type":"$$EventMessageAudit","id":"00a3b9ef-0da7-4e63-ad98-b93dee4c4b60","ts":"2026-06-25T23:03:12.142-04:00","eventName":"n8n.audit.workflow.updated","message":"n8n.audit.workflow.updated","payload":{"userId":"448d1c78-14c9-4b21-8889-88406fc00742","_email":"ryan_montes@proton.me","_firstName":"RYAN","_lastName":"ryan_montes@proton.me","globalRole":"global:owner","workflowId":"jarvis-matrix-001","workflowName":"Automated Document Generation & Delivery Loop"}}
{"__type":"$$EventMessageConfirm","confirm":"00a3b9ef-0da7-4e63-ad98-b93dee4c4b60","ts":"2026-06-25T23:03:12.142-04:00","source":{"id":"0","name":"eventBus"}}
{"__type":"$$EventMessageAudit","id":"7655b798-acaf-42d1-a3bf-9b2512c2a0d7","ts":"2026-06-25T23:03:20.026-04:00","eventName":"n8n.audit.workflow.updated","message":"n8n.audit.workflow.updated","payload":{"userId":"448d1c78-14c9-4b21-8889-88406fc00742","_email":"ryan_montes@proton.me","_firstName":"RYAN","_lastName":"ryan_montes@proton.me","globalRole":"global:owner","workflowId":"CidfKbkdf8m4iYOr","workflowName":"Generate Client Contract"}}
{"__type":"$$EventMessageConfirm","confirm":"7655b798-acaf-42d1-a3bf-9b2512c2a0d7","ts":"2026-06-25T23:03:20.026-04:00","source":{"id":"0","name":"eventBus"}}
{"__type":"$$EventMessageAudit","id":"908df2a6-6a1a-4ff2-b23e-780a08757d7a","ts":"2026-06-25T23:04:03.453-04:00","eventName":"n8n.audit.workflow.updated","message":"n8n.audit.workflow.updated","payload":{"userId":"448d1c78-14c9-4b21-8889-88406fc00742","_email":"ryan_montes@proton.me","_firstName":"RYAN","_lastName":"ryan_montes@proton.me","globalRole":"global:owner","workflowId":"CidfKbkdf8m4iYOr","workflowName":"CWS&TT"}}
{"__type":"$$EventMessageConfirm","confirm":"908df2a6-6a1a-4ff2-b23e-780a08757d7a","ts":"2026-06-25T23:04:03.453-04:00","source":{"id":"0","name":"eventBus"}}
{"__type":"$$EventMessageAudit","id":"ae5d4a6b-9eae-4e13-84df-62dcb61211df","ts":"2026-06-25T23:21:14.565-04:00","eventName":"n8n.audit.workflow.updated","message":"n8n.audit.workflow.updated","payload":{"userId":"448d1c78-14c9-4b21-8889-88406fc00742","_email":"ryan_montes@proton.me","_firstName":"RYAN","_lastName":"ryan_montes@proton.me","globalRole":"global:owner","workflowId":"jGhuTteoa7TCM3By","workflowName":"My workflow"}}
{"__type":"$$EventMessageConfirm","confirm":"ae5d4a6b-9eae-4e13-84df-62dcb61211df","ts":"2026-06-25T23:21:14.565-04:00","source":{"id":"0","name":"eventBus"}}
{"__type":"$$EventMessageAudit","id":"1c78d131-33b7-4c0c-9cb7-050fb4840242","ts":"2026-06-25T23:21:28.705-04:00","eventName":"n8n.audit.workflow.updated","message":"n8n.audit.workflow.updated","payload":{"userId":"448d1c78-14c9-4b21-8889-88406fc00742","_email":"ryan_montes@proton.me","_firstName":"RYAN","_lastName":"ryan_montes@proton.me","globalRole":"global:owner","workflowId":"jGhuTteoa7TCM3By","workflowName":"My workflow"}}
{"__type":"$$EventMessageConfirm","confirm":"1c78d131-33b7-4c0c-9cb7-050fb4840242","ts":"2026-06-25T23:21:28.705-04:00","source":{"id":"0","name":"eventBus"}}
{"__type":"$$EventMessageAudit","id":"cfcaef5a-ec50-413f-9431-5eb2ec11f0d3","ts":"2026-06-25T23:21:35.634-04:00","eventName":"n8n.audit.workflow.updated","message":"n8n.audit.workflow.updated","payload":{"userId":"448d1c78-14c9-4b21-8889-88406fc00742","_email":"ryan_montes@proton.me","_firstName":"RYAN","_lastName":"ryan_montes@proton.me","globalRole":"global:owner","workflowId":"jGhuTteoa7TCM3By","workflowName":"My workflow"}}
{"__type":"$$EventMessageConfirm","confirm":"cfcaef5a-ec50-413f-9431-5eb2ec11f0d3","ts":"2026-06-25T23:21:35.634-04:00","source":{"id":"0","name":"eventBus"}}
{"__type":"$$EventMessageAudit","id":"efc9cc03-dcb4-47d8-9543-7f104875c237","ts":"2026-06-25T23:21:37.218-04:00","eventName":"n8n.audit.workflow.updated","message":"n8n.audit.workflow.updated","payload":{"userId":"448d1c78-14c9-4b21-8889-88406fc00742","_email":"ryan_montes@proton.me","_firstName":"RYAN","_lastName":"ryan_montes@proton.me","globalRole":"global:owner","workflowId":"jGhuTteoa7TCM3By","workflowName":"My workflow"}}
{"__type":"$$EventMessageConfirm","confirm":"efc9cc03-dcb4-47d8-9543-7f104875c237","ts":"2026-06-25T23:21:37.219-04:00","source":{"id":"0","name":"eventBus"}}
{"__type":"$$EventMessageAudit","id":"9b61dca9-fa15-4ee2-bd46-14ebf023bc29","ts":"2026-06-25T23:21:39.355-04:00","eventName":"n8n.audit.workflow.updated","message":"n8n.audit.workflow.updated","payload":{"userId":"448d1c78-14c9-4b21-8889-88406fc00742","_email":"ryan_montes@proton.me","_firstName":"RYAN","_lastName":"ryan_montes@proton.me","globalRole":"global:owner","workflowId":"jGhuTteoa7TCM3By","workflowName":"My workflow"}}
{"__type":"$$EventMessageConfirm","confirm":"9b61dca9-fa15-4ee2-bd46-14ebf023bc29","ts":"2026-06-25T23:21:39.355-04:00","source":{"id":"0","name":"eventBus"}}
{"__type":"$$EventMessageAudit","id":"b338bd56-6f2a-43ed-bf47-cd89e4365ff5","ts":"2026-06-25T23:24:16.905-04:00","eventName":"n8n.audit.workflow.updated","message":"n8n.audit.workflow.updated","payload":{"userId":"448d1c78-14c9-4b21-8889-88406fc00742","_email":"ryan_montes@proton.me","_firstName":"RYAN","_lastName":"ryan_montes@proton.me","globalRole":"global:owner","workflowId":"jarvis-matrix-001","workflowName":"Automated Document Generation & Delivery Loop"}}
{"__type":"$$EventMessageConfirm","confirm":"b338bd56-6f2a-43ed-bf47-cd89e4365ff5","ts":"2026-06-25T23:24:16.906-04:00","source":{"id":"0","name":"eventBus"}}
{"__type":"$$EventMessageAudit","id":"f000ed22-a48d-4dc8-ae59-182bc4c4a129","ts":"2026-06-25T23:24:50.134-04:00","eventName":"n8n.audit.workflow.deactivated","message":"n8n.audit.workflow.deactivated","payload":{"userId":"448d1c78-14c9-4b21-8889-88406fc00742","_email":"ryan_montes@proton.me","_firstName":"RYAN","_lastName":"ryan_montes@proton.me","globalRole":"global:owner","workflowId":"jarvis-matrix-001","workflowName":"Automated Document Generation & Delivery Loop","deactivatedVersionId":"6a3482b6-a2a0-42b0-9e67-138fce5518b0"}}
{"__type":"$$EventMessageConfirm","confirm":"f000ed22-a48d-4dc8-ae59-182bc4c4a129","ts":"2026-06-25T23:24:50.134-04:00","source":{"id":"0","name":"eventBus"}}
{"__type":"$$EventMessageAudit","id":"fc7d2b66-f0dd-4db8-a1fc-3fe473f3f5bd","ts":"2026-06-25T23:24:50.177-04:00","eventName":"n8n.audit.workflow.activated","message":"n8n.audit.workflow.activated","payload":{"userId":"448d1c78-14c9-4b21-8889-88406fc00742","_email":"ryan_montes@proton.me","_firstName":"RYAN","_lastName":"ryan_montes@proton.me","globalRole":"global:owner","workflowId":"jarvis-matrix-001","workflowName":"Automated Document Generation & Delivery Loop","activeVersionId":"c4159ae1-b42f-4b2d-ba4d-9d009217cdfb"}}
{"__type":"$$EventMessageConfirm","confirm":"fc7d2b66-f0dd-4db8-a1fc-3fe473f3f5bd","ts":"2026-06-25T23:24:50.177-04:00","source":{"id":"0","name":"eventBus"}}
{"__type":"$$EventMessageAudit","id":"0bd34081-dd1a-4e39-82e5-958ff3d91bb2","ts":"2026-06-25T23:25:30.127-04:00","eventName":"n8n.audit.workflow.updated","message":"n8n.audit.workflow.updated","payload":{"userId":"448d1c78-14c9-4b21-8889-88406fc00742","_email":"ryan_montes@proton.me","_firstName":"RYAN","_lastName":"ryan_montes@proton.me","globalRole":"global:owner","workflowId":"jGhuTteoa7TCM3By","workflowName":"My workflow"}}
{"__type":"$$EventMessageConfirm","confirm":"0bd34081-dd1a-4e39-82e5-958ff3d91bb2","ts":"2026-06-25T23:25:30.128-04:00","source":{"id":"0","name":"eventBus"}}
{"__type":"$$EventMessageAudit","id":"a9c01cd8-8010-4f9f-abac-9fac2fd82143","ts":"2026-06-25T23:27:24.431-04:00","eventName":"n8n.audit.workflow.activated","message":"n8n.audit.workflow.activated","payload":{"userId":"448d1c78-14c9-4b21-8889-88406fc00742","_email":"ryan_montes@proton.me","_firstName":"RYAN","_lastName":"ryan_montes@proton.me","globalRole":"global:owner","workflowId":"jGhuTteoa7TCM3By","workflowName":"My workflow","activeVersionId":"bdad9830-7cac-440b-9ee6-399b9ad74e41"}}
{"__type":"$$EventMessageConfirm","confirm":"a9c01cd8-8010-4f9f-abac-9fac2fd82143","ts":"2026-06-25T23:27:24.431-04:00","source":{"id":"0","name":"eventBus"}}
{"__type":"$$EventMessageAudit","id":"8ed7115a-9ff2-4756-b157-80a54d237349","ts":"2026-06-25T23:28:21.752-04:00","eventName":"n8n.audit.workflow.executed","message":"n8n.audit.workflow.executed","payload":{"workflowId":"jGhuTteoa7TCM3By","workflowName":"My workflow","executionId":"100","source":"webhook"}}
{"__type":"$$EventMessageConfirm","confirm":"8ed7115a-9ff2-4756-b157-80a54d237349","ts":"2026-06-25T23:28:21.752-04:00","source":{"id":"0","name":"eventBus"}}
{"__type":"$$EventMessageWorkflow","id":"4a6f8f9c-ac9c-4d60-ad2a-a17ea8daf583","ts":"2026-06-25T23:28:21.753-04:00","eventName":"n8n.workflow.started","message":"n8n.workflow.started","payload":{"executionId":"100","workflowId":"jGhuTteoa7TCM3By","isManual":false,"mode":"webhook","workflowName":"My workflow","projectId":"JSKqQ8GbsHbe90LN","projectName":"RYAN ryan_montes@proton.me <ryan_montes@proton.me>"}}
{"__type":"$$EventMessageConfirm","confirm":"4a6f8f9c-ac9c-4d60-ad2a-a17ea8daf583","ts":"2026-06-25T23:28:21.753-04:00","source":{"id":"0","name":"eventBus"}}
{"__type":"$$EventMessageNode","id":"6a38e290-f8b1-46a7-99f5-f7472a1229b3","ts":"2026-06-25T23:28:21.753-04:00","eventName":"n8n.node.started","message":"n8n.node.started","payload":{"workflowId":"jGhuTteoa7TCM3By","workflowName":"My workflow","executionId":"100","nodeType":"n8n-nodes-base.webhook","nodeName":"Webhook","nodeId":"7e8fcdc3-3718-49be-b91c-c1301a8a0738"}}
{"__type":"$$EventMessageConfirm","confirm":"6a38e290-f8b1-46a7-99f5-f7472a1229b3","ts":"2026-06-25T23:28:21.753-04:00","source":{"id":"0","name":"eventBus"}}
{"__type":"$$EventMessageNode","id":"b6de0b15-969e-4659-8fc2-ebbe11905209","ts":"2026-06-25T23:28:21.753-04:00","eventName":"n8n.node.finished","message":"n8n.node.finished","payload":{"workflowId":"jGhuTteoa7TCM3By","workflowName":"My workflow","executionId":"100","nodeType":"n8n-nodes-base.webhook","nodeName":"Webhook","nodeId":"7e8fcdc3-3718-49be-b91c-c1301a8a0738"}}
{"__type":"$$EventMessageConfirm","confirm":"b6de0b15-969e-4659-8fc2-ebbe11905209","ts":"2026-06-25T23:28:21.753-04:00","source":{"id":"0","name":"eventBus"}}
{"__type":"$$EventMessageNode","id":"c075e494-93bb-4b7b-888c-38f4ac8c05f2","ts":"2026-06-25T23:28:21.753-04:00","eventName":"n8n.node.started","message":"n8n.node.started","payload":{"workflowId":"jGhuTteoa7TCM3By","workflowName":"My workflow","executionId":"100","nodeType":"n8n-nodes-base.postgres","nodeName":"PostgreSQL Logger","nodeId":"955b7bee-d0d6-4130-8f6f-921caa0e821e"}}
{"__type":"$$EventMessageConfirm","confirm":"c075e494-93bb-4b7b-888c-38f4ac8c05f2","ts":"2026-06-25T23:28:21.753-04:00","source":{"id":"0","name":"eventBus"}}
{"__type":"$$EventMessageNode","id":"4fd9b055-b444-4ac5-88e5-332c2fafe405","ts":"2026-06-25T23:28:22.100-04:00","eventName":"n8n.node.finished","message":"n8n.node.finished","payload":{"workflowId":"jGhuTteoa7TCM3By","workflowName":"My workflow","executionId":"100","nodeType":"n8n-nodes-base.postgres","nodeName":"PostgreSQL Logger","nodeId":"955b7bee-d0d6-4130-8f6f-921caa0e821e"}}
{"__type":"$$EventMessageConfirm","confirm":"4fd9b055-b444-4ac5-88e5-332c2fafe405","ts":"2026-06-25T23:28:22.100-04:00","source":{"id":"0","name":"eventBus"}}
{"__type":"$$EventMessageNode","id":"806c3b1e-503f-43a2-a617-97d98d2a10c8","ts":"2026-06-25T23:28:22.100-04:00","eventName":"n8n.node.started","message":"n8n.node.started","payload":{"workflowId":"jGhuTteoa7TCM3By","workflowName":"My workflow","executionId":"100","nodeType":"n8n-nodes-base.respondToWebhook","nodeName":"Respond to Webhook","nodeId":"53073d6d-ff52-4566-88c6-5d01220e8075"}}
{"__type":"$$EventMessageConfirm","confirm":"806c3b1e-503f-43a2-a617-97d98d2a10c8","ts":"2026-06-25T23:28:22.100-04:00","source":{"id":"0","name":"eventBus"}}
{"__type":"$$EventMessageNode","id":"e7de22d2-6169-47c7-a3ac-4f0204351c96","ts":"2026-06-25T23:28:22.101-04:00","eventName":"n8n.node.finished","message":"n8n.node.finished","payload":{"workflowId":"jGhuTteoa7TCM3By","workflowName":"My workflow","executionId":"100","nodeType":"n8n-nodes-base.respondToWebhook","nodeName":"Respond to Webhook","nodeId":"53073d6d-ff52-4566-88c6-5d01220e8075"}}
{"__type":"$$EventMessageConfirm","confirm":"e7de22d2-6169-47c7-a3ac-4f0204351c96","ts":"2026-06-25T23:28:22.101-04:00","source":{"id":"0","name":"eventBus"}}
{"__type":"$$EventMessageWorkflow","id":"6e10c6ab-fa31-4809-9750-1bbe1578f246","ts":"2026-06-25T23:28:22.103-04:00","eventName":"n8n.workflow.success","message":"n8n.workflow.success","payload":{"executionId":"100","success":true,"isManual":false,"mode":"webhook","workflowId":"jGhuTteoa7TCM3By","workflowName":"My workflow","projectId":"JSKqQ8GbsHbe90LN","projectName":"RYAN ryan_montes@proton.me <ryan_montes@proton.me>"}}
{"__type":"$$EventMessageConfirm","confirm":"6e10c6ab-fa31-4809-9750-1bbe1578f246","ts":"2026-06-25T23:28:22.103-04:00","source":{"id":"0","name":"eventBus"}}
{"__type":"$$EventMessageAudit","id":"97fc73fa-a361-40b6-aaf2-124b4cb650bd","ts":"2026-06-25T23:30:03.814-04:00","eventName":"n8n.audit.workflow.executed","message":"n8n.audit.workflow.executed","payload":{"workflowId":"jGhuTteoa7TCM3By","workflowName":"My workflow","executionId":"101","source":"webhook"}}
{"__type":"$$EventMessageConfirm","confirm":"97fc73fa-a361-40b6-aaf2-124b4cb650bd","ts":"2026-06-25T23:30:03.814-04:00","source":{"id":"0","name":"eventBus"}}
{"__type":"$$EventMessageWorkflow","id":"b01f8945-3052-4bb4-8b6a-9816b0c334f9","ts":"2026-06-25T23:30:03.814-04:00","eventName":"n8n.workflow.started","message":"n8n.workflow.started","payload":{"executionId":"101","workflowId":"jGhuTteoa7TCM3By","isManual":false,"mode":"webhook","workflowName":"My workflow","projectId":"JSKqQ8GbsHbe90LN","projectName":"RYAN ryan_montes@proton.me <ryan_montes@proton.me>"}}
{"__type":"$$EventMessageConfirm","confirm":"b01f8945-3052-4bb4-8b6a-9816b0c334f9","ts":"2026-06-25T23:30:03.814-04:00","source":{"id":"0","name":"eventBus"}}
{"__type":"$$EventMessageNode","id":"ab7f6a4c-7c70-40ca-a6f8-2dcefb3c0328","ts":"2026-06-25T23:30:03.814-04:00","eventName":"n8n.node.started","message":"n8n.node.started","payload":{"workflowId":"jGhuTteoa7TCM3By","workflowName":"My workflow","executionId":"101","nodeType":"n8n-nodes-base.webhook","nodeName":"Webhook","nodeId":"7e8fcdc3-3718-49be-b91c-c1301a8a0738"}}
{"__type":"$$EventMessageConfirm","confirm":"ab7f6a4c-7c70-40ca-a6f8-2dcefb3c0328","ts":"2026-06-25T23:30:03.814-04:00","source":{"id":"0","name":"eventBus"}}
{"__type":"$$EventMessageNode","id":"38690764-5372-4630-935d-2c41e5f01025","ts":"2026-06-25T23:30:03.814-04:00","eventName":"n8n.node.finished","message":"n8n.node.finished","payload":{"workflowId":"jGhuTteoa7TCM3By","workflowName":"My workflow","executionId":"101","nodeType":"n8n-nodes-base.webhook","nodeName":"Webhook","nodeId":"7e8fcdc3-3718-49be-b91c-c1301a8a0738"}}
{"__type":"$$EventMessageConfirm","confirm":"38690764-5372-4630-935d-2c41e5f01025","ts":"2026-06-25T23:30:03.814-04:00","source":{"id":"0","name":"eventBus"}}
{"__type":"$$EventMessageNode","id":"5e6547ce-23e2-419d-bc4b-f38d0669ee2e","ts":"2026-06-25T23:30:03.814-04:00","eventName":"n8n.node.started","message":"n8n.node.started","payload":{"workflowId":"jGhuTteoa7TCM3By","workflowName":"My workflow","executionId":"101","nodeType":"n8n-nodes-base.postgres","nodeName":"PostgreSQL Logger","nodeId":"955b7bee-d0d6-4130-8f6f-921caa0e821e"}}
{"__type":"$$EventMessageConfirm","confirm":"5e6547ce-23e2-419d-bc4b-f38d0669ee2e","ts":"2026-06-25T23:30:03.815-04:00","source":{"id":"0","name":"eventBus"}}
{"__type":"$$EventMessageNode","id":"e6583091-eacf-4754-98aa-f4370b1dc675","ts":"2026-06-25T23:30:03.850-04:00","eventName":"n8n.node.finished","message":"n8n.node.finished","payload":{"workflowId":"jGhuTteoa7TCM3By","workflowName":"My workflow","executionId":"101","nodeType":"n8n-nodes-base.postgres","nodeName":"PostgreSQL Logger","nodeId":"955b7bee-d0d6-4130-8f6f-921caa0e821e"}}
{"__type":"$$EventMessageConfirm","confirm":"e6583091-eacf-4754-98aa-f4370b1dc675","ts":"2026-06-25T23:30:03.850-04:00","source":{"id":"0","name":"eventBus"}}
{"__type":"$$EventMessageNode","id":"11b7b603-4da5-45c5-b7fc-8689eaec11cf","ts":"2026-06-25T23:30:03.850-04:00","eventName":"n8n.node.started","message":"n8n.node.started","payload":{"workflowId":"jGhuTteoa7TCM3By","workflowName":"My workflow","executionId":"101","nodeType":"n8n-nodes-base.respondToWebhook","nodeName":"Respond to Webhook","nodeId":"53073d6d-ff52-4566-88c6-5d01220e8075"}}
{"__type":"$$EventMessageConfirm","confirm":"11b7b603-4da5-45c5-b7fc-8689eaec11cf","ts":"2026-06-25T23:30:03.850-04:00","source":{"id":"0","name":"eventBus"}}
{"__type":"$$EventMessageNode","id":"f10177c0-67da-458a-867c-d645bf16249b","ts":"2026-06-25T23:30:03.850-04:00","eventName":"n8n.node.finished","message":"n8n.node.finished","payload":{"workflowId":"jGhuTteoa7TCM3By","workflowName":"My workflow","executionId":"101","nodeType":"n8n-nodes-base.respondToWebhook","nodeName":"Respond to Webhook","nodeId":"53073d6d-ff52-4566-88c6-5d01220e8075"}}
{"__type":"$$EventMessageConfirm","confirm":"f10177c0-67da-458a-867c-d645bf16249b","ts":"2026-06-25T23:30:03.850-04:00","source":{"id":"0","name":"eventBus"}}
{"__type":"$$EventMessageWorkflow","id":"a9e7fce3-0242-47ab-b4eb-36a64e6760ea","ts":"2026-06-25T23:30:03.851-04:00","eventName":"n8n.workflow.success","message":"n8n.workflow.success","payload":{"executionId":"101","success":true,"isManual":false,"mode":"webhook","workflowId":"jGhuTteoa7TCM3By","workflowName":"My workflow","projectId":"JSKqQ8GbsHbe90LN","projectName":"RYAN ryan_montes@proton.me <ryan_montes@proton.me>"}}
{"__type":"$$EventMessageConfirm","confirm":"a9e7fce3-0242-47ab-b4eb-36a64e6760ea","ts":"2026-06-25T23:30:03.851-04:00","source":{"id":"0","name":"eventBus"}}
