[+] Active send queue is empty. Zero approved records found.
[+] Active send queue is empty. Zero approved records found.
[+] Active send queue is empty. Zero approved records found.
[+] Active send queue is empty. Zero approved records found.
[+] Active send queue is empty. Zero approved records found.
[+] Active send queue is empty. Zero approved records found.
[+] Active send queue is empty. Zero approved records found.
[+] Initializing dispatch sequence for 1 verified targets...
[+] Routing customized message dispatch to Smdailyjournal (hello@smdailyjournal.com) via [AGENCY_ARBITRAGE]...
    [SUCCESS] Message successfully delivered. Node 87 status marked sent.
[+] All approved outbound pipeline queues processed.
[+] Active send queue is empty. Zero approved records found.
[+] Initializing dispatch sequence for 1 verified targets...
[+] Routing customized message dispatch to Community (support@community.shopify.com) via [ECOM_RETAINER_PITCH]...
    [SUCCESS] Message successfully delivered. Node 88 status marked sent.
[+] All approved outbound pipeline queues processed.
[+] Active send queue is empty. Zero approved records found.
[+] Active send queue is empty. Zero approved records found.
[+] Active send queue is empty. Zero approved records found.
[+] Active send queue is empty. Zero approved records found.
[+] Active send queue is empty. Zero approved records found.
[+] Initializing dispatch sequence for 2 verified targets...
[+] Routing customized message dispatch to Instagram (contact@instagram.com) via [SAAS_COLD_OUTREACH]...
    [SUCCESS] Message successfully delivered. Node 89 status marked sent.
[+] Routing customized message dispatch to Designrush (hello@designrush.com) via [AGENCY_ARBITRAGE]...
    [SUCCESS] Message successfully delivered. Node 90 status marked sent.
[+] All approved outbound pipeline queues processed.
[+] Active send queue is empty. Zero approved records found.
[+] Initializing dispatch sequence for 1 verified targets...
[+] Routing customized message dispatch to Launchpadagency (info@launchpadagency.com) via [B2B_LEAD_GEN]...
    [SUCCESS] Message successfully delivered. Node 91 status marked sent.
[+] All approved outbound pipeline queues processed.
[+] Active send queue is empty. Zero approved records found.
[+] Initializing dispatch sequence for 1 verified targets...
[+] Routing customized message dispatch to Appcosoftware (support@appcosoftware.com) via [ECOM_RETAINER_PITCH]...
    [SUCCESS] Message successfully delivered. Node 92 status marked sent.
[+] All approved outbound pipeline queues processed.
[+] Active send queue is empty. Zero approved records found.
[+] Initializing dispatch sequence for 1 verified targets...
[+] Routing customized message dispatch to Kellblog (hello@kellblog.com) via [SMB_SALES_AUTOMATION]...
    [SUCCESS] Message successfully delivered. Node 93 status marked sent.
[+] All approved outbound pipeline queues processed.
[+] Active send queue is empty. Zero approved records found.
[+] Active send queue is empty. Zero approved records found.
[+] Active send queue is empty. Zero approved records found.
[+] Initializing dispatch sequence for 1 verified targets...
[+] Routing customized message dispatch to Simplyhired (hello@simplyhired.com) via [SMB_SALES_AUTOMATION]...
    [SUCCESS] Message successfully delivered. Node 94 status marked sent.
[+] All approved outbound pipeline queues processed.
[+] Active send queue is empty. Zero approved records found.
[+] Active send queue is empty. Zero approved records found.
[+] Active send queue is empty. Zero approved records found.
[+] Active send queue is empty. Zero approved records found.
[+] Active send queue is empty. Zero approved records found.
[+] Active send queue is empty. Zero approved records found.
[+] Active send queue is empty. Zero approved records found.
[+] Active send queue is empty. Zero approved records found.
[+] Active send queue is empty. Zero approved records found.
[+] Initializing dispatch sequence for 1 verified targets...
[+] Routing customized message dispatch to Influencers (hello@influencers.club) via [AGENCY_ARBITRAGE]...
    [SUCCESS] Message successfully delivered. Node 95 status marked sent.
[+] All approved outbound pipeline queues processed.
[+] Active send queue is empty. Zero approved records found.
[+] Initializing dispatch sequence for 1 verified targets...
[+] Routing customized message dispatch to Goodfirms (hello@goodfirms.co) via [AGENCY_ARBITRAGE]...
    [SUCCESS] Message successfully delivered. Node 96 status marked sent.
[+] All approved outbound pipeline queues processed.
[+] Active send queue is empty. Zero approved records found.
[+] Active send queue is empty. Zero approved records found.
[+] Active send queue is empty. Zero approved records found.
[+] Active send queue is empty. Zero approved records found.
[+] Active send queue is empty. Zero approved records found.
[+] Active send queue is empty. Zero approved records found.
[+] Active send queue is empty. Zero approved records found.
[+] Active send queue is empty. Zero approved records found.
[+] Active send queue is empty. Zero approved records found.
[+] Active send queue is empty. Zero approved records found.
[+] Active send queue is empty. Zero approved records found.
[+] Active send queue is empty. Zero approved records found.
[+] Active send queue is empty. Zero approved records found.
[+] Active send queue is empty. Zero approved records found.
[+] Active send queue is empty. Zero approved records found.
[+] Active send queue is empty. Zero approved records found.
[+] Active send queue is empty. Zero approved records found.
[+] Active send queue is empty. Zero approved records found.
[+] Active send queue is empty. Zero approved records found.
[+] Active send queue is empty. Zero approved records found.
[+] Active send queue is empty. Zero approved records found.
[+] Active send queue is empty. Zero approved records found.
[+] Initializing dispatch sequence for 2 verified targets...
[+] Routing customized message dispatch to Pepperinsight (info@pepperinsight.com) via [B2B_LEAD_GEN]...
    [SUCCESS] Message successfully delivered. Node 97 status marked sent.
[+] Routing customized message dispatch to Aws (contact@aws.amazon.com) via [SAAS_COLD_OUTREACH]...
    [SUCCESS] Message successfully delivered. Node 98 status marked sent.
[+] All approved outbound pipeline queues processed.
[+] Active send queue is empty. Zero approved records found.
[+] Active send queue is empty. Zero approved records found.
[+] Active send queue is empty. Zero approved records found.
[+] Active send queue is empty. Zero approved records found.
[+] Active send queue is empty. Zero approved records found.
[+] Active send queue is empty. Zero approved records found.
[+] Active send queue is empty. Zero approved records found.
[+] Active send queue is empty. Zero approved records found.
[+] Active send queue is empty. Zero approved records found.
[+] Active send queue is empty. Zero approved records found.
[+] Active send queue is empty. Zero approved records found.
[+] Active send queue is empty. Zero approved records found.
[+] Active send queue is empty. Zero approved records found.
[+] Initializing dispatch sequence for 1 verified targets...
[+] Routing customized message dispatch to Thestarrconspiracy (info@thestarrconspiracy.com) via [B2B_LEAD_GEN]...
    [SUCCESS] Message successfully delivered. Node 99 status marked sent.
[+] All approved outbound pipeline queues processed.
[+] Active send queue is empty. Zero approved records found.
[+] Active send queue is empty. Zero approved records found.
[+] Active send queue is empty. Zero approved records found.
[+] Active send queue is empty. Zero approved records found.
[+] Active send queue is empty. Zero approved records found.
[+] Initializing dispatch sequence for 1 verified targets...
[+] Routing customized message dispatch to Tapistro (info@tapistro.com) via [B2B_LEAD_GEN]...
    [SUCCESS] Message successfully delivered. Node 100 status marked sent.
[+] All approved outbound pipeline queues processed.
[+] Active send queue is empty. Zero approved records found.
[+] Active send queue is empty. Zero approved records found.
[+] Active send queue is empty. Zero approved records found.
[+] Active send queue is empty. Zero approved records found.
[+] Active send queue is empty. Zero approved records found.
[+] Active send queue is empty. Zero approved records found.
[+] Active send queue is empty. Zero approved records found.
[+] Active send queue is empty. Zero approved records found.
[+] Active send queue is empty. Zero approved records found.
[+] Active send queue is empty. Zero approved records found.
[+] Active send queue is empty. Zero approved records found.
[+] Active send queue is empty. Zero approved records found.
[+] Active send queue is empty. Zero approved records found.
[+] Active send queue is empty. Zero approved records found.
[+] Active send queue is empty. Zero approved records found.
[+] Active send queue is empty. Zero approved records found.
[+] Active send queue is empty. Zero approved records found.
[+] Active send queue is empty. Zero approved records found.
[+] Active send queue is empty. Zero approved records found.
[+] Active send queue is empty. Zero approved records found.
[+] Active send queue is empty. Zero approved records found.
[+] Active send queue is empty. Zero approved records found.
[+] Active send queue is empty. Zero approved records found.
[+] Active send queue is empty. Zero approved records found.
[+] Active send queue is empty. Zero approved records found.
[+] Active send queue is empty. Zero approved records found.
[+] Active send queue is empty. Zero approved records found.
[+] Active send queue is empty. Zero approved records found.
[+] Active send queue is empty. Zero approved records found.
[+] Active send queue is empty. Zero approved records found.
[+] Active send queue is empty. Zero approved records found.
[+] Active send queue is empty. Zero approved records found.
[+] Active send queue is empty. Zero approved records found.
[+] Active send queue is empty. Zero approved records found.
[+] Active send queue is empty. Zero approved records found.
[+] Active send queue is empty. Zero approved records found.
[+] Active send queue is empty. Zero approved records found.
[+] Active send queue is empty. Zero approved records found.
[+] Active send queue is empty. Zero approved records found.
[+] Active send queue is empty. Zero approved records found.
[+] Active send queue is empty. Zero approved records found.
[+] Active send queue is empty. Zero approved records found.
[+] Active send queue is empty. Zero approved records found.
[+] Active send queue is empty. Zero approved records found.
[+] Active send queue is empty. Zero approved records found.
[+] Active send queue is empty. Zero approved records found.
[+] Active send queue is empty. Zero approved records found.
[+] Active send queue is empty. Zero approved records found.
[+] Active send queue is empty. Zero approved records found.
[+] Active send queue is empty. Zero approved records found.
[+] Active send queue is empty. Zero approved records found.
[+] Active send queue is empty. Zero approved records found.
[+] Active send queue is empty. Zero approved records found.
[+] Active send queue is empty. Zero approved records found.
[+] Active send queue is empty. Zero approved records found.
[+] Active send queue is empty. Zero approved records found.
[+] Active send queue is empty. Zero approved records found.
[+] Active send queue is empty. Zero approved records found.
[+] Active send queue is empty. Zero approved records found.
[+] Active send queue is empty. Zero approved records found.
[+] Active send queue is empty. Zero approved records found.
[+] Active send queue is empty. Zero approved records found.
[+] Active send queue is empty. Zero approved records found.
[+] Active send queue is empty. Zero approved records found.
[+] Active send queue is empty. Zero approved records found.
[+] Active send queue is empty. Zero approved records found.
[+] Active send queue is empty. Zero approved records found.
[+] Active send queue is empty. Zero approved records found.
[+] Active send queue is empty. Zero approved records found.
[+] Active send queue is empty. Zero approved records found.
[+] Active send queue is empty. Zero approved records found.
