🧠 [Jarvis Autopilot] Scanning multi-field digital asset gaps and pricing indices...

🏁 All multi-field income pipelines are currently compiled, deployed, and generating telemetry.
Traceback (most recent call last):
  File "/Users/savage-p.c./Projects/active/jarvishive/jarvis_conglomerate.py", line 33, in <module>
    engine = JarvisConglomerateEngine()
  File "/Users/savage-p.c./Projects/active/jarvishive/jarvis_conglomerate.py", line 7, in __init__
    self.matrix = JarvisCoreMatrix()
                  ~~~~~~~~~~~~~~~~^^
  File "/Users/savage-p.c./Projects/active/jarvishive/jarvis_core_matrix.py", line 9, in __init__
    with open("config.json", "r") as f:
         ~~~~^^^^^^^^^^^^^^^^^^^^
FileNotFoundError: [Errno 2] No such file or directory: 'config.json'
Traceback (most recent call last):
  File "/Users/savage-p.c./Projects/active/jarvishive/jarvis_conglomerate.py", line 33, in <module>
    engine = JarvisConglomerateEngine()
  File "/Users/savage-p.c./Projects/active/jarvishive/jarvis_conglomerate.py", line 7, in __init__
    self.matrix = JarvisCoreMatrix()
                  ~~~~~~~~~~~~~~~~^^
  File "/Users/savage-p.c./Projects/active/jarvishive/jarvis_core_matrix.py", line 9, in __init__
    with open("config.json", "r") as f:
         ~~~~^^^^^^^^^^^^^^^^^^^^
FileNotFoundError: [Errno 2] No such file or directory: 'config.json'
Traceback (most recent call last):
  File "/Users/savage-p.c./Projects/active/jarvishive/jarvis_conglomerate.py", line 33, in <module>
    engine = JarvisConglomerateEngine()
  File "/Users/savage-p.c./Projects/active/jarvishive/jarvis_conglomerate.py", line 7, in __init__
    self.matrix = JarvisCoreMatrix()
                  ~~~~~~~~~~~~~~~~^^
  File "/Users/savage-p.c./Projects/active/jarvishive/jarvis_core_matrix.py", line 9, in __init__
    with open("config.json", "r") as f:
         ~~~~^^^^^^^^^^^^^^^^^^^^
FileNotFoundError: [Errno 2] No such file or directory: 'config.json'
Traceback (most recent call last):
  File "/Users/savage-p.c./Projects/active/jarvishive/jarvis_conglomerate.py", line 33, in <module>
    engine = JarvisConglomerateEngine()
  File "/Users/savage-p.c./Projects/active/jarvishive/jarvis_conglomerate.py", line 7, in __init__
    self.matrix = JarvisCoreMatrix()
                  ~~~~~~~~~~~~~~~~^^
  File "/Users/savage-p.c./Projects/active/jarvishive/jarvis_core_matrix.py", line 9, in __init__
    with open("config.json", "r") as f:
         ~~~~^^^^^^^^^^^^^^^^^^^^
FileNotFoundError: [Errno 2] No such file or directory: 'config.json'
Traceback (most recent call last):
  File "/Users/savage-p.c./Projects/active/jarvishive/jarvis_conglomerate.py", line 33, in <module>
    engine = JarvisConglomerateEngine()
  File "/Users/savage-p.c./Projects/active/jarvishive/jarvis_conglomerate.py", line 7, in __init__
    self.matrix = JarvisCoreMatrix()
                  ~~~~~~~~~~~~~~~~^^
  File "/Users/savage-p.c./Projects/active/jarvishive/jarvis_core_matrix.py", line 9, in __init__
    with open("config.json", "r") as f:
         ~~~~^^^^^^^^^^^^^^^^^^^^
FileNotFoundError: [Errno 2] No such file or directory: 'config.json'
Traceback (most recent call last):
  File "/Users/savage-p.c./Projects/active/jarvishive/jarvis_conglomerate.py", line 33, in <module>
    engine = JarvisConglomerateEngine()
  File "/Users/savage-p.c./Projects/active/jarvishive/jarvis_conglomerate.py", line 7, in __init__
    self.matrix = JarvisCoreMatrix()
                  ~~~~~~~~~~~~~~~~^^
  File "/Users/savage-p.c./Projects/active/jarvishive/jarvis_core_matrix.py", line 9, in __init__
    with open("config.json", "r") as f:
         ~~~~^^^^^^^^^^^^^^^^^^^^
FileNotFoundError: [Errno 2] No such file or directory: 'config.json'
Traceback (most recent call last):
  File "/Users/savage-p.c./Projects/active/jarvishive/jarvis_conglomerate.py", line 33, in <module>
    engine = JarvisConglomerateEngine()
  File "/Users/savage-p.c./Projects/active/jarvishive/jarvis_conglomerate.py", line 7, in __init__
    self.matrix = JarvisCoreMatrix()
                  ~~~~~~~~~~~~~~~~^^
  File "/Users/savage-p.c./Projects/active/jarvishive/jarvis_core_matrix.py", line 9, in __init__
    with open("config.json", "r") as f:
         ~~~~^^^^^^^^^^^^^^^^^^^^
FileNotFoundError: [Errno 2] No such file or directory: 'config.json'
Traceback (most recent call last):
  File "/Users/savage-p.c./Projects/active/jarvishive/jarvis_conglomerate.py", line 33, in <module>
    engine = JarvisConglomerateEngine()
  File "/Users/savage-p.c./Projects/active/jarvishive/jarvis_conglomerate.py", line 7, in __init__
    self.matrix = JarvisCoreMatrix()
                  ~~~~~~~~~~~~~~~~^^
  File "/Users/savage-p.c./Projects/active/jarvishive/jarvis_core_matrix.py", line 9, in __init__
    with open("config.json", "r") as f:
         ~~~~^^^^^^^^^^^^^^^^^^^^
FileNotFoundError: [Errno 2] No such file or directory: 'config.json'
Traceback (most recent call last):
  File "/Users/savage-p.c./Projects/active/jarvishive/jarvis_conglomerate.py", line 33, in <module>
    engine = JarvisConglomerateEngine()
  File "/Users/savage-p.c./Projects/active/jarvishive/jarvis_conglomerate.py", line 7, in __init__
    self.matrix = JarvisCoreMatrix()
                  ~~~~~~~~~~~~~~~~^^
  File "/Users/savage-p.c./Projects/active/jarvishive/jarvis_core_matrix.py", line 9, in __init__
    with open("config.json", "r") as f:
         ~~~~^^^^^^^^^^^^^^^^^^^^
FileNotFoundError: [Errno 2] No such file or directory: 'config.json'
